{"C:\\Users\\malak\\Downloads\\Software-Engineering\\Project\\SW-BE\\Reddit-BE\\src\\controller\\comments.js": {"path":"C:\\Users\\malak\\Downloads\\Software-Engineering\\Project\\SW-BE\\Reddit-BE\\src\\controller\\comments.js","statementMap":{"0":{"start":{"line":15,"column":2},"end":{"line":27,"column":3}},"1":{"start":{"line":22,"column":8},"end":{"line":22,"column":38}},"2":{"start":{"line":23,"column":4},"end":{"line":25,"column":5}},"3":{"start":{"line":24,"column":6},"end":{"line":24,"column":58}},"4":{"start":{"line":26,"column":4},"end":{"line":26,"column":24}},"5":{"start":{"line":28,"column":20},"end":{"line":28,"column":59}},"6":{"start":{"line":29,"column":2},"end":{"line":34,"column":3}},"7":{"start":{"line":30,"column":4},"end":{"line":33,"column":6}},"8":{"start":{"line":35,"column":18},"end":{"line":35,"column":51}},"9":{"start":{"line":36,"column":2},"end":{"line":41,"column":3}},"10":{"start":{"line":37,"column":4},"end":{"line":40,"column":6}},"11":{"start":{"line":42,"column":2},"end":{"line":47,"column":4}},"12":{"start":{"line":51,"column":53},"end":{"line":54,"column":3}},"13":{"start":{"line":55,"column":2},"end":{"line":55,"column":23}},"14":{"start":{"line":56,"column":2},"end":{"line":58,"column":3}},"15":{"start":{"line":57,"column":4},"end":{"line":57,"column":30}},"16":{"start":{"line":59,"column":29},"end":{"line":59,"column":67}},"17":{"start":{"line":60,"column":2},"end":{"line":65,"column":4}},"18":{"start":{"line":69,"column":50},"end":{"line":69,"column":78}},"19":{"start":{"line":70,"column":2},"end":{"line":72,"column":3}},"20":{"start":{"line":71,"column":4},"end":{"line":71,"column":30}},"21":{"start":{"line":73,"column":22},"end":{"line":73,"column":48}},"22":{"start":{"line":74,"column":2},"end":{"line":79,"column":3}},"23":{"start":{"line":75,"column":4},"end":{"line":78,"column":6}},"24":{"start":{"line":81,"column":2},"end":{"line":86,"column":3}},"25":{"start":{"line":82,"column":4},"end":{"line":85,"column":6}},"26":{"start":{"line":89,"column":2},"end":{"line":101,"column":3}},"27":{"start":{"line":90,"column":42},"end":{"line":92,"column":5}},"28":{"start":{"line":93,"column":4},"end":{"line":95,"column":5}},"29":{"start":{"line":94,"column":6},"end":{"line":94,"column":32}},"30":{"start":{"line":97,"column":19},"end":{"line":97,"column":61}},"31":{"start":{"line":98,"column":4},"end":{"line":100,"column":5}},"32":{"start":{"line":99,"column":6},"end":{"line":99,"column":20}},"33":{"start":{"line":102,"column":18},"end":{"line":116,"column":4}},"34":{"start":{"line":118,"column":2},"end":{"line":118,"column":23}},"35":{"start":{"line":120,"column":2},"end":{"line":124,"column":4}},"36":{"start":{"line":128,"column":53},"end":{"line":131,"column":3}},"37":{"start":{"line":132,"column":2},"end":{"line":132,"column":23}},"38":{"start":{"line":133,"column":2},"end":{"line":135,"column":3}},"39":{"start":{"line":134,"column":4},"end":{"line":134,"column":30}},"40":{"start":{"line":137,"column":22},"end":{"line":137,"column":48}},"41":{"start":{"line":138,"column":2},"end":{"line":143,"column":3}},"42":{"start":{"line":139,"column":4},"end":{"line":142,"column":6}},"43":{"start":{"line":146,"column":2},"end":{"line":151,"column":3}},"44":{"start":{"line":147,"column":4},"end":{"line":150,"column":6}},"45":{"start":{"line":152,"column":2},"end":{"line":171,"column":3}},"46":{"start":{"line":153,"column":42},"end":{"line":155,"column":5}},"47":{"start":{"line":156,"column":4},"end":{"line":158,"column":5}},"48":{"start":{"line":157,"column":6},"end":{"line":157,"column":32}},"49":{"start":{"line":159,"column":25},"end":{"line":161,"column":5}},"50":{"start":{"line":160,"column":22},"end":{"line":160,"column":69}},"51":{"start":{"line":162,"column":4},"end":{"line":170,"column":5}},"52":{"start":{"line":163,"column":6},"end":{"line":169,"column":8}},"53":{"start":{"line":172,"column":16},"end":{"line":186,"column":4}},"54":{"start":{"line":188,"column":2},"end":{"line":188,"column":47}},"55":{"start":{"line":190,"column":2},"end":{"line":190,"column":23}},"56":{"start":{"line":191,"column":2},"end":{"line":191,"column":21}},"57":{"start":{"line":193,"column":2},"end":{"line":197,"column":4}},"58":{"start":{"line":201,"column":2},"end":{"line":242,"column":3}},"59":{"start":{"line":203,"column":48},"end":{"line":203,"column":78}},"60":{"start":{"line":205,"column":4},"end":{"line":207,"column":5}},"61":{"start":{"line":206,"column":6},"end":{"line":206,"column":49}},"62":{"start":{"line":209,"column":20},"end":{"line":212,"column":6}},"63":{"start":{"line":215,"column":4},"end":{"line":222,"column":5}},"64":{"start":{"line":216,"column":6},"end":{"line":221,"column":8}},"65":{"start":{"line":225,"column":4},"end":{"line":225,"column":31}},"66":{"start":{"line":228,"column":4},"end":{"line":232,"column":6}},"67":{"start":{"line":235,"column":4},"end":{"line":235,"column":35}},"68":{"start":{"line":236,"column":4},"end":{"line":241,"column":6}},"69":{"start":{"line":246,"column":2},"end":{"line":287,"column":3}},"70":{"start":{"line":248,"column":48},"end":{"line":248,"column":78}},"71":{"start":{"line":251,"column":4},"end":{"line":253,"column":5}},"72":{"start":{"line":252,"column":6},"end":{"line":252,"column":49}},"73":{"start":{"line":255,"column":20},"end":{"line":258,"column":6}},"74":{"start":{"line":261,"column":4},"end":{"line":268,"column":5}},"75":{"start":{"line":262,"column":6},"end":{"line":267,"column":8}},"76":{"start":{"line":269,"column":4},"end":{"line":269,"column":51}},"77":{"start":{"line":270,"column":4},"end":{"line":270,"column":35}},"78":{"start":{"line":271,"column":4},"end":{"line":271,"column":25}},"79":{"start":{"line":273,"column":4},"end":{"line":277,"column":6}},"80":{"start":{"line":280,"column":4},"end":{"line":280,"column":35}},"81":{"start":{"line":281,"column":4},"end":{"line":286,"column":6}},"82":{"start":{"line":291,"column":2},"end":{"line":335,"column":3}},"83":{"start":{"line":293,"column":48},"end":{"line":293,"column":78}},"84":{"start":{"line":296,"column":4},"end":{"line":298,"column":5}},"85":{"start":{"line":297,"column":6},"end":{"line":297,"column":49}},"86":{"start":{"line":300,"column":20},"end":{"line":302,"column":6}},"87":{"start":{"line":305,"column":4},"end":{"line":312,"column":5}},"88":{"start":{"line":306,"column":6},"end":{"line":311,"column":8}},"89":{"start":{"line":313,"column":4},"end":{"line":319,"column":5}},"90":{"start":{"line":314,"column":6},"end":{"line":314,"column":56}},"91":{"start":{"line":315,"column":6},"end":{"line":315,"column":27}},"92":{"start":{"line":317,"column":6},"end":{"line":317,"column":60}},"93":{"start":{"line":318,"column":6},"end":{"line":318,"column":27}},"94":{"start":{"line":321,"column":4},"end":{"line":325,"column":6}},"95":{"start":{"line":328,"column":4},"end":{"line":328,"column":35}},"96":{"start":{"line":329,"column":4},"end":{"line":334,"column":6}},"97":{"start":{"line":339,"column":2},"end":{"line":388,"column":3}},"98":{"start":{"line":341,"column":48},"end":{"line":341,"column":78}},"99":{"start":{"line":344,"column":4},"end":{"line":346,"column":5}},"100":{"start":{"line":345,"column":6},"end":{"line":345,"column":49}},"101":{"start":{"line":348,"column":22},"end":{"line":348,"column":37}},"102":{"start":{"line":350,"column":20},"end":{"line":350,"column":61}},"103":{"start":{"line":353,"column":4},"end":{"line":360,"column":5}},"104":{"start":{"line":354,"column":6},"end":{"line":359,"column":8}},"105":{"start":{"line":363,"column":18},"end":{"line":363,"column":60}},"106":{"start":{"line":364,"column":4},"end":{"line":370,"column":5}},"107":{"start":{"line":366,"column":6},"end":{"line":366,"column":47}},"108":{"start":{"line":369,"column":6},"end":{"line":369,"column":46}},"109":{"start":{"line":372,"column":4},"end":{"line":372,"column":22}},"110":{"start":{"line":374,"column":4},"end":{"line":378,"column":6}},"111":{"start":{"line":381,"column":4},"end":{"line":381,"column":35}},"112":{"start":{"line":382,"column":4},"end":{"line":387,"column":6}},"113":{"start":{"line":392,"column":2},"end":{"line":437,"column":3}},"114":{"start":{"line":394,"column":48},"end":{"line":394,"column":78}},"115":{"start":{"line":397,"column":4},"end":{"line":399,"column":5}},"116":{"start":{"line":398,"column":6},"end":{"line":398,"column":49}},"117":{"start":{"line":401,"column":20},"end":{"line":404,"column":6}},"118":{"start":{"line":407,"column":4},"end":{"line":414,"column":5}},"119":{"start":{"line":408,"column":6},"end":{"line":413,"column":8}},"120":{"start":{"line":416,"column":4},"end":{"line":416,"column":51}},"121":{"start":{"line":417,"column":4},"end":{"line":417,"column":48}},"122":{"start":{"line":418,"column":4},"end":{"line":418,"column":50}},"123":{"start":{"line":419,"column":4},"end":{"line":419,"column":51}},"124":{"start":{"line":420,"column":4},"end":{"line":420,"column":53}},"125":{"start":{"line":421,"column":4},"end":{"line":421,"column":57}},"126":{"start":{"line":422,"column":4},"end":{"line":422,"column":25}},"127":{"start":{"line":423,"column":4},"end":{"line":427,"column":6}},"128":{"start":{"line":430,"column":4},"end":{"line":430,"column":35}},"129":{"start":{"line":431,"column":4},"end":{"line":436,"column":6}},"130":{"start":{"line":441,"column":2},"end":{"line":486,"column":3}},"131":{"start":{"line":443,"column":48},"end":{"line":443,"column":78}},"132":{"start":{"line":446,"column":4},"end":{"line":448,"column":5}},"133":{"start":{"line":447,"column":6},"end":{"line":447,"column":49}},"134":{"start":{"line":450,"column":20},"end":{"line":453,"column":6}},"135":{"start":{"line":456,"column":4},"end":{"line":463,"column":5}},"136":{"start":{"line":457,"column":6},"end":{"line":462,"column":8}},"137":{"start":{"line":465,"column":4},"end":{"line":465,"column":52}},"138":{"start":{"line":466,"column":4},"end":{"line":466,"column":49}},"139":{"start":{"line":467,"column":4},"end":{"line":467,"column":51}},"140":{"start":{"line":468,"column":4},"end":{"line":468,"column":50}},"141":{"start":{"line":469,"column":4},"end":{"line":469,"column":52}},"142":{"start":{"line":470,"column":4},"end":{"line":470,"column":56}},"143":{"start":{"line":471,"column":4},"end":{"line":471,"column":25}},"144":{"start":{"line":472,"column":4},"end":{"line":476,"column":6}},"145":{"start":{"line":479,"column":4},"end":{"line":479,"column":35}},"146":{"start":{"line":480,"column":4},"end":{"line":485,"column":6}},"147":{"start":{"line":490,"column":2},"end":{"line":528,"column":3}},"148":{"start":{"line":492,"column":48},"end":{"line":492,"column":78}},"149":{"start":{"line":495,"column":4},"end":{"line":497,"column":5}},"150":{"start":{"line":496,"column":6},"end":{"line":496,"column":49}},"151":{"start":{"line":499,"column":20},"end":{"line":501,"column":6}},"152":{"start":{"line":504,"column":4},"end":{"line":511,"column":5}},"153":{"start":{"line":505,"column":6},"end":{"line":510,"column":8}},"154":{"start":{"line":512,"column":4},"end":{"line":512,"column":49}},"155":{"start":{"line":513,"column":4},"end":{"line":513,"column":22}},"156":{"start":{"line":514,"column":4},"end":{"line":518,"column":6}},"157":{"start":{"line":521,"column":4},"end":{"line":521,"column":35}},"158":{"start":{"line":522,"column":4},"end":{"line":527,"column":6}},"159":{"start":{"line":532,"column":2},"end":{"line":572,"column":3}},"160":{"start":{"line":533,"column":48},"end":{"line":533,"column":78}},"161":{"start":{"line":535,"column":4},"end":{"line":537,"column":5}},"162":{"start":{"line":536,"column":6},"end":{"line":536,"column":49}},"163":{"start":{"line":539,"column":22},"end":{"line":539,"column":37}},"164":{"start":{"line":541,"column":20},"end":{"line":544,"column":6}},"165":{"start":{"line":546,"column":4},"end":{"line":553,"column":5}},"166":{"start":{"line":547,"column":6},"end":{"line":552,"column":8}},"167":{"start":{"line":555,"column":4},"end":{"line":555,"column":36}},"168":{"start":{"line":556,"column":4},"end":{"line":556,"column":27}},"169":{"start":{"line":557,"column":4},"end":{"line":557,"column":25}},"170":{"start":{"line":559,"column":4},"end":{"line":563,"column":6}},"171":{"start":{"line":565,"column":4},"end":{"line":565,"column":35}},"172":{"start":{"line":566,"column":4},"end":{"line":571,"column":6}}},"fnMap":{"0":{"name":"getComment","decl":{"start":{"line":13,"column":22},"end":{"line":13,"column":32}},"loc":{"start":{"line":13,"column":54},"end":{"line":48,"column":1}},"line":13},"1":{"name":"getCommentWithReplies","decl":{"start":{"line":50,"column":22},"end":{"line":50,"column":43}},"loc":{"start":{"line":50,"column":65},"end":{"line":66,"column":1}},"line":50},"2":{"name":"newComment","decl":{"start":{"line":68,"column":22},"end":{"line":68,"column":32}},"loc":{"start":{"line":68,"column":42},"end":{"line":125,"column":1}},"line":68},"3":{"name":"replyToComment","decl":{"start":{"line":127,"column":22},"end":{"line":127,"column":36}},"loc":{"start":{"line":127,"column":46},"end":{"line":198,"column":1}},"line":127},"4":{"name":"(anonymous_4)","decl":{"start":{"line":160,"column":6},"end":{"line":160,"column":7}},"loc":{"start":{"line":160,"column":22},"end":{"line":160,"column":69}},"line":160},"5":{"name":"commentToggler","decl":{"start":{"line":200,"column":22},"end":{"line":200,"column":36}},"loc":{"start":{"line":200,"column":56},"end":{"line":243,"column":1}},"line":200},"6":{"name":"editCommentDescription","decl":{"start":{"line":245,"column":22},"end":{"line":245,"column":44}},"loc":{"start":{"line":245,"column":54},"end":{"line":288,"column":1}},"line":245},"7":{"name":"commentVote","decl":{"start":{"line":290,"column":22},"end":{"line":290,"column":33}},"loc":{"start":{"line":290,"column":43},"end":{"line":336,"column":1}},"line":290},"8":{"name":"commentSave","decl":{"start":{"line":338,"column":22},"end":{"line":338,"column":33}},"loc":{"start":{"line":338,"column":43},"end":{"line":389,"column":1}},"line":338},"9":{"name":"commentApprove","decl":{"start":{"line":391,"column":22},"end":{"line":391,"column":36}},"loc":{"start":{"line":391,"column":46},"end":{"line":438,"column":1}},"line":391},"10":{"name":"commentRemove","decl":{"start":{"line":440,"column":22},"end":{"line":440,"column":35}},"loc":{"start":{"line":440,"column":45},"end":{"line":487,"column":1}},"line":440},"11":{"name":"commentReport","decl":{"start":{"line":489,"column":22},"end":{"line":489,"column":35}},"loc":{"start":{"line":489,"column":45},"end":{"line":529,"column":1}},"line":489},"12":{"name":"commentDelete","decl":{"start":{"line":531,"column":22},"end":{"line":531,"column":35}},"loc":{"start":{"line":531,"column":45},"end":{"line":573,"column":1}},"line":531}},"branchMap":{"0":{"loc":{"start":{"line":15,"column":2},"end":{"line":27,"column":3}},"type":"if","locations":[{"start":{"line":15,"column":2},"end":{"line":27,"column":3}},{"start":{},"end":{}}],"line":15},"1":{"loc":{"start":{"line":23,"column":4},"end":{"line":25,"column":5}},"type":"if","locations":[{"start":{"line":23,"column":4},"end":{"line":25,"column":5}},{"start":{},"end":{}}],"line":23},"2":{"loc":{"start":{"line":28,"column":20},"end":{"line":28,"column":59}},"type":"binary-expr","locations":[{"start":{"line":28,"column":20},"end":{"line":28,"column":37}},{"start":{"line":28,"column":41},"end":{"line":28,"column":59}}],"line":28},"3":{"loc":{"start":{"line":29,"column":2},"end":{"line":34,"column":3}},"type":"if","locations":[{"start":{"line":29,"column":2},"end":{"line":34,"column":3}},{"start":{},"end":{}}],"line":29},"4":{"loc":{"start":{"line":29,"column":6},"end":{"line":29,"column":49}},"type":"binary-expr","locations":[{"start":{"line":29,"column":6},"end":{"line":29,"column":28}},{"start":{"line":29,"column":32},"end":{"line":29,"column":49}}],"line":29},"5":{"loc":{"start":{"line":36,"column":2},"end":{"line":41,"column":3}},"type":"if","locations":[{"start":{"line":36,"column":2},"end":{"line":41,"column":3}},{"start":{},"end":{}}],"line":36},"6":{"loc":{"start":{"line":56,"column":2},"end":{"line":58,"column":3}},"type":"if","locations":[{"start":{"line":56,"column":2},"end":{"line":58,"column":3}},{"start":{},"end":{}}],"line":56},"7":{"loc":{"start":{"line":70,"column":2},"end":{"line":72,"column":3}},"type":"if","locations":[{"start":{"line":70,"column":2},"end":{"line":72,"column":3}},{"start":{},"end":{}}],"line":70},"8":{"loc":{"start":{"line":74,"column":2},"end":{"line":79,"column":3}},"type":"if","locations":[{"start":{"line":74,"column":2},"end":{"line":79,"column":3}},{"start":{},"end":{}}],"line":74},"9":{"loc":{"start":{"line":74,"column":6},"end":{"line":74,"column":53}},"type":"binary-expr","locations":[{"start":{"line":74,"column":6},"end":{"line":74,"column":30}},{"start":{"line":74,"column":34},"end":{"line":74,"column":53}}],"line":74},"10":{"loc":{"start":{"line":81,"column":2},"end":{"line":86,"column":3}},"type":"if","locations":[{"start":{"line":81,"column":2},"end":{"line":86,"column":3}},{"start":{},"end":{}}],"line":81},"11":{"loc":{"start":{"line":89,"column":2},"end":{"line":101,"column":3}},"type":"if","locations":[{"start":{"line":89,"column":2},"end":{"line":101,"column":3}},{"start":{},"end":{}}],"line":89},"12":{"loc":{"start":{"line":93,"column":4},"end":{"line":95,"column":5}},"type":"if","locations":[{"start":{"line":93,"column":4},"end":{"line":95,"column":5}},{"start":{},"end":{}}],"line":93},"13":{"loc":{"start":{"line":98,"column":4},"end":{"line":100,"column":5}},"type":"if","locations":[{"start":{"line":98,"column":4},"end":{"line":100,"column":5}},{"start":{},"end":{}}],"line":98},"14":{"loc":{"start":{"line":133,"column":2},"end":{"line":135,"column":3}},"type":"if","locations":[{"start":{"line":133,"column":2},"end":{"line":135,"column":3}},{"start":{},"end":{}}],"line":133},"15":{"loc":{"start":{"line":138,"column":2},"end":{"line":143,"column":3}},"type":"if","locations":[{"start":{"line":138,"column":2},"end":{"line":143,"column":3}},{"start":{},"end":{}}],"line":138},"16":{"loc":{"start":{"line":138,"column":6},"end":{"line":138,"column":53}},"type":"binary-expr","locations":[{"start":{"line":138,"column":6},"end":{"line":138,"column":30}},{"start":{"line":138,"column":34},"end":{"line":138,"column":53}}],"line":138},"17":{"loc":{"start":{"line":146,"column":2},"end":{"line":151,"column":3}},"type":"if","locations":[{"start":{"line":146,"column":2},"end":{"line":151,"column":3}},{"start":{},"end":{}}],"line":146},"18":{"loc":{"start":{"line":152,"column":2},"end":{"line":171,"column":3}},"type":"if","locations":[{"start":{"line":152,"column":2},"end":{"line":171,"column":3}},{"start":{},"end":{}}],"line":152},"19":{"loc":{"start":{"line":156,"column":4},"end":{"line":158,"column":5}},"type":"if","locations":[{"start":{"line":156,"column":4},"end":{"line":158,"column":5}},{"start":{},"end":{}}],"line":156},"20":{"loc":{"start":{"line":162,"column":4},"end":{"line":170,"column":5}},"type":"if","locations":[{"start":{"line":162,"column":4},"end":{"line":170,"column":5}},{"start":{},"end":{}}],"line":162},"21":{"loc":{"start":{"line":205,"column":4},"end":{"line":207,"column":5}},"type":"if","locations":[{"start":{"line":205,"column":4},"end":{"line":207,"column":5}},{"start":{},"end":{}}],"line":205},"22":{"loc":{"start":{"line":215,"column":4},"end":{"line":222,"column":5}},"type":"if","locations":[{"start":{"line":215,"column":4},"end":{"line":222,"column":5}},{"start":{},"end":{}}],"line":215},"23":{"loc":{"start":{"line":251,"column":4},"end":{"line":253,"column":5}},"type":"if","locations":[{"start":{"line":251,"column":4},"end":{"line":253,"column":5}},{"start":{},"end":{}}],"line":251},"24":{"loc":{"start":{"line":261,"column":4},"end":{"line":268,"column":5}},"type":"if","locations":[{"start":{"line":261,"column":4},"end":{"line":268,"column":5}},{"start":{},"end":{}}],"line":261},"25":{"loc":{"start":{"line":296,"column":4},"end":{"line":298,"column":5}},"type":"if","locations":[{"start":{"line":296,"column":4},"end":{"line":298,"column":5}},{"start":{},"end":{}}],"line":296},"26":{"loc":{"start":{"line":305,"column":4},"end":{"line":312,"column":5}},"type":"if","locations":[{"start":{"line":305,"column":4},"end":{"line":312,"column":5}},{"start":{},"end":{}}],"line":305},"27":{"loc":{"start":{"line":313,"column":4},"end":{"line":319,"column":5}},"type":"if","locations":[{"start":{"line":313,"column":4},"end":{"line":319,"column":5}},{"start":{"line":316,"column":11},"end":{"line":319,"column":5}}],"line":313},"28":{"loc":{"start":{"line":344,"column":4},"end":{"line":346,"column":5}},"type":"if","locations":[{"start":{"line":344,"column":4},"end":{"line":346,"column":5}},{"start":{},"end":{}}],"line":344},"29":{"loc":{"start":{"line":353,"column":4},"end":{"line":360,"column":5}},"type":"if","locations":[{"start":{"line":353,"column":4},"end":{"line":360,"column":5}},{"start":{},"end":{}}],"line":353},"30":{"loc":{"start":{"line":364,"column":4},"end":{"line":370,"column":5}},"type":"if","locations":[{"start":{"line":364,"column":4},"end":{"line":370,"column":5}},{"start":{"line":367,"column":11},"end":{"line":370,"column":5}}],"line":364},"31":{"loc":{"start":{"line":397,"column":4},"end":{"line":399,"column":5}},"type":"if","locations":[{"start":{"line":397,"column":4},"end":{"line":399,"column":5}},{"start":{},"end":{}}],"line":397},"32":{"loc":{"start":{"line":407,"column":4},"end":{"line":414,"column":5}},"type":"if","locations":[{"start":{"line":407,"column":4},"end":{"line":414,"column":5}},{"start":{},"end":{}}],"line":407},"33":{"loc":{"start":{"line":446,"column":4},"end":{"line":448,"column":5}},"type":"if","locations":[{"start":{"line":446,"column":4},"end":{"line":448,"column":5}},{"start":{},"end":{}}],"line":446},"34":{"loc":{"start":{"line":456,"column":4},"end":{"line":463,"column":5}},"type":"if","locations":[{"start":{"line":456,"column":4},"end":{"line":463,"column":5}},{"start":{},"end":{}}],"line":456},"35":{"loc":{"start":{"line":495,"column":4},"end":{"line":497,"column":5}},"type":"if","locations":[{"start":{"line":495,"column":4},"end":{"line":497,"column":5}},{"start":{},"end":{}}],"line":495},"36":{"loc":{"start":{"line":504,"column":4},"end":{"line":511,"column":5}},"type":"if","locations":[{"start":{"line":504,"column":4},"end":{"line":511,"column":5}},{"start":{},"end":{}}],"line":504},"37":{"loc":{"start":{"line":504,"column":8},"end":{"line":504,"column":47}},"type":"binary-expr","locations":[{"start":{"line":504,"column":8},"end":{"line":504,"column":16}},{"start":{"line":504,"column":20},"end":{"line":504,"column":47}}],"line":504},"38":{"loc":{"start":{"line":535,"column":4},"end":{"line":537,"column":5}},"type":"if","locations":[{"start":{"line":535,"column":4},"end":{"line":537,"column":5}},{"start":{},"end":{}}],"line":535},"39":{"loc":{"start":{"line":546,"column":4},"end":{"line":553,"column":5}},"type":"if","locations":[{"start":{"line":546,"column":4},"end":{"line":553,"column":5}},{"start":{},"end":{}}],"line":546}},"s":{"0":4,"1":1,"2":1,"3":0,"4":1,"5":4,"6":4,"7":1,"8":3,"9":3,"10":1,"11":2,"12":0,"13":0,"14":0,"15":0,"16":0,"17":0,"18":5,"19":5,"20":1,"21":4,"22":4,"23":1,"24":3,"25":1,"26":2,"27":1,"28":1,"29":0,"30":1,"31":1,"32":1,"33":1,"34":1,"35":1,"36":0,"37":0,"38":0,"39":0,"40":0,"41":0,"42":0,"43":0,"44":0,"45":0,"46":0,"47":0,"48":0,"49":0,"50":0,"51":0,"52":0,"53":0,"54":0,"55":0,"56":0,"57":0,"58":0,"59":0,"60":0,"61":0,"62":0,"63":0,"64":0,"65":0,"66":0,"67":0,"68":0,"69":0,"70":0,"71":0,"72":0,"73":0,"74":0,"75":0,"76":0,"77":0,"78":0,"79":0,"80":0,"81":0,"82":0,"83":0,"84":0,"85":0,"86":0,"87":0,"88":0,"89":0,"90":0,"91":0,"92":0,"93":0,"94":0,"95":0,"96":0,"97":0,"98":0,"99":0,"100":0,"101":0,"102":0,"103":0,"104":0,"105":0,"106":0,"107":0,"108":0,"109":0,"110":0,"111":0,"112":0,"113":0,"114":0,"115":0,"116":0,"117":0,"118":0,"119":0,"120":0,"121":0,"122":0,"123":0,"124":0,"125":0,"126":0,"127":0,"128":0,"129":0,"130":0,"131":0,"132":0,"133":0,"134":0,"135":0,"136":0,"137":0,"138":0,"139":0,"140":0,"141":0,"142":0,"143":0,"144":0,"145":0,"146":0,"147":0,"148":0,"149":0,"150":0,"151":0,"152":0,"153":0,"154":0,"155":0,"156":0,"157":0,"158":0,"159":0,"160":0,"161":0,"162":0,"163":0,"164":0,"165":0,"166":0,"167":0,"168":0,"169":0,"170":0,"171":0,"172":0},"f":{"0":4,"1":0,"2":5,"3":0,"4":0,"5":0,"6":0,"7":0,"8":0,"9":0,"10":0,"11":0,"12":0},"b":{"0":[1,3],"1":[0,1],"2":[4,1],"3":[1,3],"4":[4,3],"5":[1,2],"6":[0,0],"7":[1,4],"8":[1,3],"9":[4,3],"10":[1,2],"11":[1,1],"12":[0,1],"13":[1,0],"14":[0,0],"15":[0,0],"16":[0,0],"17":[0,0],"18":[0,0],"19":[0,0],"20":[0,0],"21":[0,0],"22":[0,0],"23":[0,0],"24":[0,0],"25":[0,0],"26":[0,0],"27":[0,0],"28":[0,0],"29":[0,0],"30":[0,0],"31":[0,0],"32":[0,0],"33":[0,0],"34":[0,0],"35":[0,0],"36":[0,0],"37":[0,0],"38":[0,0],"39":[0,0]},"_coverageSchema":"1a1c01bbd47fc00a2c39e90264f33305004495a9","hash":"443fd7ac16a170217a2afb0097142d990d0dd40c"}
,"C:\\Users\\malak\\Downloads\\Software-Engineering\\Project\\SW-BE\\Reddit-BE\\src\\controller\\posts.js": {"path":"C:\\Users\\malak\\Downloads\\Software-Engineering\\Project\\SW-BE\\Reddit-BE\\src\\controller\\posts.js","statementMap":{"0":{"start":{"line":20,"column":46},"end":{"line":20,"column":76}},"1":{"start":{"line":21,"column":2},"end":{"line":23,"column":3}},"2":{"start":{"line":22,"column":4},"end":{"line":22,"column":56}},"3":{"start":{"line":24,"column":30},"end":{"line":24,"column":67}},"4":{"start":{"line":25,"column":2},"end":{"line":33,"column":3}},"5":{"start":{"line":26,"column":4},"end":{"line":32,"column":6}},"6":{"start":{"line":49,"column":6},"end":{"line":49,"column":18}},"7":{"start":{"line":51,"column":15},"end":{"line":66,"column":4}},"8":{"start":{"line":69,"column":2},"end":{"line":116,"column":3}},"9":{"start":{"line":71,"column":42},"end":{"line":71,"column":76}},"10":{"start":{"line":72,"column":4},"end":{"line":72,"column":43}},"11":{"start":{"line":73,"column":4},"end":{"line":75,"column":5}},"12":{"start":{"line":74,"column":6},"end":{"line":74,"column":32}},"13":{"start":{"line":77,"column":38},"end":{"line":79,"column":5}},"14":{"start":{"line":80,"column":4},"end":{"line":82,"column":5}},"15":{"start":{"line":81,"column":6},"end":{"line":81,"column":23}},"16":{"start":{"line":83,"column":4},"end":{"line":88,"column":5}},"17":{"start":{"line":84,"column":21},"end":{"line":84,"column":65}},"18":{"start":{"line":85,"column":6},"end":{"line":87,"column":7}},"19":{"start":{"line":86,"column":8},"end":{"line":86,"column":22}},"20":{"start":{"line":91,"column":19},"end":{"line":91,"column":61}},"21":{"start":{"line":92,"column":4},"end":{"line":94,"column":5}},"22":{"start":{"line":93,"column":6},"end":{"line":93,"column":20}},"23":{"start":{"line":97,"column":4},"end":{"line":97,"column":48}},"24":{"start":{"line":100,"column":23},"end":{"line":100,"column":68}},"25":{"start":{"line":101,"column":4},"end":{"line":101,"column":28}},"26":{"start":{"line":102,"column":4},"end":{"line":104,"column":5}},"27":{"start":{"line":103,"column":6},"end":{"line":103,"column":24}},"28":{"start":{"line":106,"column":26},"end":{"line":106,"column":74}},"29":{"start":{"line":107,"column":4},"end":{"line":109,"column":5}},"30":{"start":{"line":108,"column":6},"end":{"line":108,"column":27}},"31":{"start":{"line":110,"column":4},"end":{"line":110,"column":38}},"32":{"start":{"line":115,"column":4},"end":{"line":115,"column":53}},"33":{"start":{"line":122,"column":2},"end":{"line":122,"column":26}},"34":{"start":{"line":123,"column":2},"end":{"line":123,"column":31}},"35":{"start":{"line":124,"column":2},"end":{"line":124,"column":23}},"36":{"start":{"line":125,"column":2},"end":{"line":125,"column":40}},"37":{"start":{"line":126,"column":2},"end":{"line":126,"column":20}},"38":{"start":{"line":127,"column":2},"end":{"line":127,"column":20}},"39":{"start":{"line":128,"column":2},"end":{"line":132,"column":4}},"40":{"start":{"line":136,"column":2},"end":{"line":265,"column":3}},"41":{"start":{"line":137,"column":52},"end":{"line":140,"column":5}},"42":{"start":{"line":141,"column":4},"end":{"line":143,"column":5}},"43":{"start":{"line":142,"column":6},"end":{"line":142,"column":32}},"44":{"start":{"line":151,"column":8},"end":{"line":151,"column":20}},"45":{"start":{"line":152,"column":24},"end":{"line":165,"column":6}},"46":{"start":{"line":166,"column":4},"end":{"line":174,"column":5}},"47":{"start":{"line":167,"column":6},"end":{"line":173,"column":8}},"48":{"start":{"line":177,"column":27},"end":{"line":182,"column":6}},"49":{"start":{"line":183,"column":4},"end":{"line":192,"column":5}},"50":{"start":{"line":184,"column":6},"end":{"line":191,"column":8}},"51":{"start":{"line":194,"column":4},"end":{"line":202,"column":5}},"52":{"start":{"line":195,"column":6},"end":{"line":201,"column":8}},"53":{"start":{"line":205,"column":4},"end":{"line":248,"column":5}},"54":{"start":{"line":206,"column":44},"end":{"line":206,"column":78}},"55":{"start":{"line":207,"column":6},"end":{"line":209,"column":7}},"56":{"start":{"line":208,"column":8},"end":{"line":208,"column":34}},"57":{"start":{"line":211,"column":42},"end":{"line":213,"column":7}},"58":{"start":{"line":214,"column":6},"end":{"line":216,"column":7}},"59":{"start":{"line":215,"column":8},"end":{"line":215,"column":25}},"60":{"start":{"line":217,"column":6},"end":{"line":225,"column":7}},"61":{"start":{"line":218,"column":8},"end":{"line":224,"column":10}},"62":{"start":{"line":227,"column":46},"end":{"line":229,"column":7}},"63":{"start":{"line":230,"column":6},"end":{"line":232,"column":7}},"64":{"start":{"line":231,"column":8},"end":{"line":231,"column":26}},"65":{"start":{"line":233,"column":6},"end":{"line":238,"column":7}},"66":{"start":{"line":234,"column":23},"end":{"line":234,"column":67}},"67":{"start":{"line":235,"column":8},"end":{"line":237,"column":9}},"68":{"start":{"line":236,"column":10},"end":{"line":236,"column":24}},"69":{"start":{"line":241,"column":21},"end":{"line":241,"column":63}},"70":{"start":{"line":242,"column":6},"end":{"line":244,"column":7}},"71":{"start":{"line":243,"column":8},"end":{"line":243,"column":22}},"72":{"start":{"line":246,"column":6},"end":{"line":246,"column":50}},"73":{"start":{"line":247,"column":6},"end":{"line":247,"column":47}},"74":{"start":{"line":250,"column":4},"end":{"line":250,"column":24}},"75":{"start":{"line":251,"column":4},"end":{"line":251,"column":37}},"76":{"start":{"line":252,"column":4},"end":{"line":252,"column":29}},"77":{"start":{"line":253,"column":4},"end":{"line":253,"column":22}},"78":{"start":{"line":255,"column":4},"end":{"line":259,"column":6}},"79":{"start":{"line":261,"column":4},"end":{"line":264,"column":6}},"80":{"start":{"line":270,"column":2},"end":{"line":282,"column":3}},"81":{"start":{"line":277,"column":8},"end":{"line":277,"column":38}},"82":{"start":{"line":278,"column":4},"end":{"line":280,"column":5}},"83":{"start":{"line":279,"column":6},"end":{"line":279,"column":58}},"84":{"start":{"line":281,"column":4},"end":{"line":281,"column":24}},"85":{"start":{"line":283,"column":17},"end":{"line":283,"column":56}},"86":{"start":{"line":284,"column":2},"end":{"line":289,"column":3}},"87":{"start":{"line":285,"column":4},"end":{"line":288,"column":6}},"88":{"start":{"line":290,"column":15},"end":{"line":290,"column":42}},"89":{"start":{"line":291,"column":2},"end":{"line":296,"column":3}},"90":{"start":{"line":292,"column":4},"end":{"line":295,"column":6}},"91":{"start":{"line":297,"column":2},"end":{"line":302,"column":4}},"92":{"start":{"line":306,"column":44},"end":{"line":306,"column":73}},"93":{"start":{"line":307,"column":2},"end":{"line":309,"column":3}},"94":{"start":{"line":308,"column":4},"end":{"line":308,"column":30}},"95":{"start":{"line":311,"column":19},"end":{"line":311,"column":56}},"96":{"start":{"line":312,"column":2},"end":{"line":316,"column":4}},"97":{"start":{"line":320,"column":2},"end":{"line":336,"column":3}},"98":{"start":{"line":321,"column":46},"end":{"line":321,"column":75}},"99":{"start":{"line":322,"column":4},"end":{"line":324,"column":5}},"100":{"start":{"line":323,"column":6},"end":{"line":323,"column":32}},"101":{"start":{"line":325,"column":4},"end":{"line":330,"column":6}},"102":{"start":{"line":332,"column":4},"end":{"line":335,"column":6}},"103":{"start":{"line":340,"column":2},"end":{"line":357,"column":3}},"104":{"start":{"line":341,"column":46},"end":{"line":341,"column":74}},"105":{"start":{"line":342,"column":4},"end":{"line":344,"column":5}},"106":{"start":{"line":343,"column":6},"end":{"line":343,"column":32}},"107":{"start":{"line":345,"column":4},"end":{"line":345,"column":37}},"108":{"start":{"line":346,"column":4},"end":{"line":346,"column":22}},"109":{"start":{"line":347,"column":4},"end":{"line":351,"column":6}},"110":{"start":{"line":353,"column":4},"end":{"line":356,"column":6}},"111":{"start":{"line":361,"column":2},"end":{"line":380,"column":3}},"112":{"start":{"line":362,"column":46},"end":{"line":362,"column":74}},"113":{"start":{"line":363,"column":4},"end":{"line":365,"column":5}},"114":{"start":{"line":364,"column":6},"end":{"line":364,"column":32}},"115":{"start":{"line":366,"column":4},"end":{"line":366,"column":53}},"116":{"start":{"line":367,"column":4},"end":{"line":367,"column":22}},"117":{"start":{"line":368,"column":4},"end":{"line":374,"column":6}},"118":{"start":{"line":376,"column":4},"end":{"line":379,"column":6}},"119":{"start":{"line":384,"column":2},"end":{"line":424,"column":3}},"120":{"start":{"line":385,"column":46},"end":{"line":385,"column":74}},"121":{"start":{"line":386,"column":4},"end":{"line":388,"column":5}},"122":{"start":{"line":387,"column":6},"end":{"line":387,"column":32}},"123":{"start":{"line":389,"column":25},"end":{"line":398,"column":5}},"124":{"start":{"line":399,"column":4},"end":{"line":409,"column":5}},"125":{"start":{"line":400,"column":6},"end":{"line":408,"column":8}},"126":{"start":{"line":410,"column":4},"end":{"line":410,"column":62}},"127":{"start":{"line":411,"column":4},"end":{"line":411,"column":22}},"128":{"start":{"line":412,"column":4},"end":{"line":418,"column":6}},"129":{"start":{"line":420,"column":4},"end":{"line":423,"column":6}},"130":{"start":{"line":428,"column":2},"end":{"line":470,"column":3}},"131":{"start":{"line":430,"column":48},"end":{"line":430,"column":78}},"132":{"start":{"line":433,"column":4},"end":{"line":435,"column":5}},"133":{"start":{"line":434,"column":6},"end":{"line":434,"column":49}},"134":{"start":{"line":437,"column":17},"end":{"line":440,"column":6}},"135":{"start":{"line":443,"column":4},"end":{"line":450,"column":5}},"136":{"start":{"line":444,"column":6},"end":{"line":449,"column":8}},"137":{"start":{"line":453,"column":4},"end":{"line":453,"column":28}},"138":{"start":{"line":456,"column":4},"end":{"line":460,"column":6}},"139":{"start":{"line":463,"column":4},"end":{"line":463,"column":35}},"140":{"start":{"line":464,"column":4},"end":{"line":469,"column":6}},"141":{"start":{"line":474,"column":2},"end":{"line":515,"column":3}},"142":{"start":{"line":476,"column":48},"end":{"line":476,"column":78}},"143":{"start":{"line":479,"column":4},"end":{"line":481,"column":5}},"144":{"start":{"line":480,"column":6},"end":{"line":480,"column":49}},"145":{"start":{"line":483,"column":17},"end":{"line":486,"column":6}},"146":{"start":{"line":489,"column":4},"end":{"line":496,"column":5}},"147":{"start":{"line":490,"column":6},"end":{"line":495,"column":8}},"148":{"start":{"line":497,"column":4},"end":{"line":497,"column":48}},"149":{"start":{"line":498,"column":4},"end":{"line":498,"column":32}},"150":{"start":{"line":499,"column":4},"end":{"line":499,"column":22}},"151":{"start":{"line":501,"column":4},"end":{"line":505,"column":6}},"152":{"start":{"line":508,"column":4},"end":{"line":508,"column":35}},"153":{"start":{"line":509,"column":4},"end":{"line":514,"column":6}},"154":{"start":{"line":519,"column":2},"end":{"line":589,"column":3}},"155":{"start":{"line":521,"column":48},"end":{"line":521,"column":78}},"156":{"start":{"line":524,"column":4},"end":{"line":526,"column":5}},"157":{"start":{"line":525,"column":6},"end":{"line":525,"column":49}},"158":{"start":{"line":528,"column":17},"end":{"line":530,"column":6}},"159":{"start":{"line":533,"column":4},"end":{"line":540,"column":5}},"160":{"start":{"line":534,"column":6},"end":{"line":539,"column":8}},"161":{"start":{"line":541,"column":26},"end":{"line":541,"column":68}},"162":{"start":{"line":542,"column":24},"end":{"line":542,"column":64}},"163":{"start":{"line":543,"column":4},"end":{"line":573,"column":5}},"164":{"start":{"line":544,"column":6},"end":{"line":555,"column":7}},"165":{"start":{"line":545,"column":8},"end":{"line":545,"column":54}},"166":{"start":{"line":546,"column":8},"end":{"line":546,"column":29}},"167":{"start":{"line":547,"column":13},"end":{"line":555,"column":7}},"168":{"start":{"line":548,"column":8},"end":{"line":548,"column":58}},"169":{"start":{"line":549,"column":8},"end":{"line":549,"column":31}},"170":{"start":{"line":550,"column":8},"end":{"line":550,"column":52}},"171":{"start":{"line":551,"column":8},"end":{"line":551,"column":46}},"172":{"start":{"line":553,"column":8},"end":{"line":553,"column":52}},"173":{"start":{"line":554,"column":8},"end":{"line":554,"column":46}},"174":{"start":{"line":556,"column":6},"end":{"line":556,"column":24}},"175":{"start":{"line":557,"column":6},"end":{"line":557,"column":24}},"176":{"start":{"line":559,"column":6},"end":{"line":570,"column":7}},"177":{"start":{"line":560,"column":8},"end":{"line":560,"column":58}},"178":{"start":{"line":561,"column":8},"end":{"line":561,"column":31}},"179":{"start":{"line":562,"column":13},"end":{"line":570,"column":7}},"180":{"start":{"line":563,"column":8},"end":{"line":563,"column":54}},"181":{"start":{"line":564,"column":8},"end":{"line":564,"column":29}},"182":{"start":{"line":565,"column":8},"end":{"line":565,"column":56}},"183":{"start":{"line":566,"column":8},"end":{"line":566,"column":48}},"184":{"start":{"line":568,"column":8},"end":{"line":568,"column":56}},"185":{"start":{"line":569,"column":8},"end":{"line":569,"column":48}},"186":{"start":{"line":571,"column":6},"end":{"line":571,"column":24}},"187":{"start":{"line":572,"column":6},"end":{"line":572,"column":24}},"188":{"start":{"line":575,"column":4},"end":{"line":579,"column":6}},"189":{"start":{"line":582,"column":4},"end":{"line":582,"column":35}},"190":{"start":{"line":583,"column":4},"end":{"line":588,"column":6}},"191":{"start":{"line":593,"column":2},"end":{"line":642,"column":3}},"192":{"start":{"line":595,"column":48},"end":{"line":595,"column":78}},"193":{"start":{"line":598,"column":4},"end":{"line":600,"column":5}},"194":{"start":{"line":599,"column":6},"end":{"line":599,"column":49}},"195":{"start":{"line":602,"column":19},"end":{"line":602,"column":34}},"196":{"start":{"line":604,"column":17},"end":{"line":604,"column":52}},"197":{"start":{"line":607,"column":4},"end":{"line":614,"column":5}},"198":{"start":{"line":608,"column":6},"end":{"line":613,"column":8}},"199":{"start":{"line":617,"column":18},"end":{"line":617,"column":54}},"200":{"start":{"line":618,"column":4},"end":{"line":624,"column":5}},"201":{"start":{"line":620,"column":6},"end":{"line":620,"column":44}},"202":{"start":{"line":623,"column":6},"end":{"line":623,"column":40}},"203":{"start":{"line":626,"column":4},"end":{"line":626,"column":22}},"204":{"start":{"line":628,"column":4},"end":{"line":632,"column":6}},"205":{"start":{"line":635,"column":4},"end":{"line":635,"column":35}},"206":{"start":{"line":636,"column":4},"end":{"line":641,"column":6}},"207":{"start":{"line":646,"column":2},"end":{"line":691,"column":3}},"208":{"start":{"line":648,"column":48},"end":{"line":648,"column":78}},"209":{"start":{"line":651,"column":4},"end":{"line":653,"column":5}},"210":{"start":{"line":652,"column":6},"end":{"line":652,"column":49}},"211":{"start":{"line":655,"column":17},"end":{"line":658,"column":6}},"212":{"start":{"line":661,"column":4},"end":{"line":668,"column":5}},"213":{"start":{"line":662,"column":6},"end":{"line":667,"column":8}},"214":{"start":{"line":670,"column":4},"end":{"line":670,"column":48}},"215":{"start":{"line":671,"column":4},"end":{"line":671,"column":45}},"216":{"start":{"line":672,"column":4},"end":{"line":672,"column":47}},"217":{"start":{"line":673,"column":4},"end":{"line":673,"column":48}},"218":{"start":{"line":674,"column":4},"end":{"line":674,"column":50}},"219":{"start":{"line":675,"column":4},"end":{"line":675,"column":54}},"220":{"start":{"line":676,"column":4},"end":{"line":676,"column":22}},"221":{"start":{"line":677,"column":4},"end":{"line":681,"column":6}},"222":{"start":{"line":684,"column":4},"end":{"line":684,"column":35}},"223":{"start":{"line":685,"column":4},"end":{"line":690,"column":6}},"224":{"start":{"line":695,"column":2},"end":{"line":740,"column":3}},"225":{"start":{"line":697,"column":48},"end":{"line":697,"column":78}},"226":{"start":{"line":700,"column":4},"end":{"line":702,"column":5}},"227":{"start":{"line":701,"column":6},"end":{"line":701,"column":49}},"228":{"start":{"line":704,"column":17},"end":{"line":707,"column":6}},"229":{"start":{"line":710,"column":4},"end":{"line":717,"column":5}},"230":{"start":{"line":711,"column":6},"end":{"line":716,"column":8}},"231":{"start":{"line":719,"column":4},"end":{"line":719,"column":49}},"232":{"start":{"line":720,"column":4},"end":{"line":720,"column":46}},"233":{"start":{"line":721,"column":4},"end":{"line":721,"column":48}},"234":{"start":{"line":722,"column":4},"end":{"line":722,"column":47}},"235":{"start":{"line":723,"column":4},"end":{"line":723,"column":49}},"236":{"start":{"line":724,"column":4},"end":{"line":724,"column":53}},"237":{"start":{"line":725,"column":4},"end":{"line":725,"column":22}},"238":{"start":{"line":726,"column":4},"end":{"line":730,"column":6}},"239":{"start":{"line":733,"column":4},"end":{"line":733,"column":35}},"240":{"start":{"line":734,"column":4},"end":{"line":739,"column":6}},"241":{"start":{"line":744,"column":2},"end":{"line":782,"column":3}},"242":{"start":{"line":746,"column":48},"end":{"line":746,"column":78}},"243":{"start":{"line":749,"column":4},"end":{"line":751,"column":5}},"244":{"start":{"line":750,"column":6},"end":{"line":750,"column":49}},"245":{"start":{"line":753,"column":17},"end":{"line":755,"column":6}},"246":{"start":{"line":758,"column":4},"end":{"line":765,"column":5}},"247":{"start":{"line":759,"column":6},"end":{"line":764,"column":8}},"248":{"start":{"line":766,"column":4},"end":{"line":766,"column":54}},"249":{"start":{"line":767,"column":4},"end":{"line":767,"column":22}},"250":{"start":{"line":768,"column":4},"end":{"line":772,"column":6}},"251":{"start":{"line":775,"column":4},"end":{"line":775,"column":35}},"252":{"start":{"line":776,"column":4},"end":{"line":781,"column":6}},"253":{"start":{"line":786,"column":50},"end":{"line":786,"column":78}},"254":{"start":{"line":787,"column":2},"end":{"line":789,"column":3}},"255":{"start":{"line":788,"column":4},"end":{"line":788,"column":30}},"256":{"start":{"line":791,"column":2},"end":{"line":800,"column":3}},"257":{"start":{"line":792,"column":4},"end":{"line":799,"column":6}},"258":{"start":{"line":801,"column":2},"end":{"line":808,"column":4}},"259":{"start":{"line":812,"column":2},"end":{"line":853,"column":3}},"260":{"start":{"line":813,"column":48},"end":{"line":813,"column":78}},"261":{"start":{"line":815,"column":4},"end":{"line":817,"column":5}},"262":{"start":{"line":816,"column":6},"end":{"line":816,"column":49}},"263":{"start":{"line":819,"column":19},"end":{"line":819,"column":34}},"264":{"start":{"line":821,"column":17},"end":{"line":824,"column":6}},"265":{"start":{"line":826,"column":4},"end":{"line":833,"column":5}},"266":{"start":{"line":827,"column":6},"end":{"line":832,"column":8}},"267":{"start":{"line":835,"column":4},"end":{"line":835,"column":33}},"268":{"start":{"line":836,"column":4},"end":{"line":836,"column":24}},"269":{"start":{"line":837,"column":4},"end":{"line":837,"column":22}},"270":{"start":{"line":839,"column":4},"end":{"line":843,"column":6}},"271":{"start":{"line":846,"column":4},"end":{"line":846,"column":35}},"272":{"start":{"line":847,"column":4},"end":{"line":852,"column":6}}},"fnMap":{"0":{"name":"createPost","decl":{"start":{"line":19,"column":22},"end":{"line":19,"column":32}},"loc":{"start":{"line":19,"column":42},"end":{"line":133,"column":1}},"line":19},"1":{"name":"sharePost","decl":{"start":{"line":135,"column":22},"end":{"line":135,"column":31}},"loc":{"start":{"line":135,"column":41},"end":{"line":266,"column":1}},"line":135},"2":{"name":"getPost","decl":{"start":{"line":268,"column":22},"end":{"line":268,"column":29}},"loc":{"start":{"line":268,"column":51},"end":{"line":303,"column":1}},"line":268},"3":{"name":"getPostComments","decl":{"start":{"line":305,"column":22},"end":{"line":305,"column":37}},"loc":{"start":{"line":305,"column":47},"end":{"line":317,"column":1}},"line":305},"4":{"name":"getViewsCount","decl":{"start":{"line":319,"column":22},"end":{"line":319,"column":35}},"loc":{"start":{"line":319,"column":45},"end":{"line":337,"column":1}},"line":319},"5":{"name":"marknsfw","decl":{"start":{"line":339,"column":22},"end":{"line":339,"column":30}},"loc":{"start":{"line":339,"column":40},"end":{"line":358,"column":1}},"line":339},"6":{"name":"allowReplies","decl":{"start":{"line":360,"column":22},"end":{"line":360,"column":34}},"loc":{"start":{"line":360,"column":44},"end":{"line":381,"column":1}},"line":360},"7":{"name":"setSuggestedSort","decl":{"start":{"line":383,"column":22},"end":{"line":383,"column":38}},"loc":{"start":{"line":383,"column":48},"end":{"line":425,"column":1}},"line":383},"8":{"name":"postToggler","decl":{"start":{"line":427,"column":22},"end":{"line":427,"column":33}},"loc":{"start":{"line":427,"column":53},"end":{"line":471,"column":1}},"line":427},"9":{"name":"editPostDescription","decl":{"start":{"line":473,"column":22},"end":{"line":473,"column":41}},"loc":{"start":{"line":473,"column":51},"end":{"line":516,"column":1}},"line":473},"10":{"name":"postVote","decl":{"start":{"line":518,"column":22},"end":{"line":518,"column":30}},"loc":{"start":{"line":518,"column":40},"end":{"line":590,"column":1}},"line":518},"11":{"name":"postSave","decl":{"start":{"line":592,"column":22},"end":{"line":592,"column":30}},"loc":{"start":{"line":592,"column":40},"end":{"line":643,"column":1}},"line":592},"12":{"name":"postApprove","decl":{"start":{"line":645,"column":22},"end":{"line":645,"column":33}},"loc":{"start":{"line":645,"column":43},"end":{"line":692,"column":1}},"line":645},"13":{"name":"postRemove","decl":{"start":{"line":694,"column":22},"end":{"line":694,"column":32}},"loc":{"start":{"line":694,"column":42},"end":{"line":741,"column":1}},"line":694},"14":{"name":"postReport","decl":{"start":{"line":743,"column":22},"end":{"line":743,"column":32}},"loc":{"start":{"line":743,"column":42},"end":{"line":783,"column":1}},"line":743},"15":{"name":"getUserPostDetails","decl":{"start":{"line":785,"column":22},"end":{"line":785,"column":40}},"loc":{"start":{"line":785,"column":50},"end":{"line":809,"column":1}},"line":785},"16":{"name":"postDelete","decl":{"start":{"line":811,"column":22},"end":{"line":811,"column":32}},"loc":{"start":{"line":811,"column":42},"end":{"line":854,"column":1}},"line":811}},"branchMap":{"0":{"loc":{"start":{"line":21,"column":2},"end":{"line":23,"column":3}},"type":"if","locations":[{"start":{"line":21,"column":2},"end":{"line":23,"column":3}},{"start":{},"end":{}}],"line":21},"1":{"loc":{"start":{"line":25,"column":2},"end":{"line":33,"column":3}},"type":"if","locations":[{"start":{"line":25,"column":2},"end":{"line":33,"column":3}},{"start":{},"end":{}}],"line":25},"2":{"loc":{"start":{"line":56,"column":12},"end":{"line":56,"column":73}},"type":"cond-expr","locations":[{"start":{"line":56,"column":62},"end":{"line":56,"column":64}},{"start":{"line":56,"column":67},"end":{"line":56,"column":73}}],"line":56},"3":{"loc":{"start":{"line":56,"column":12},"end":{"line":56,"column":59}},"type":"binary-expr","locations":[{"start":{"line":56,"column":12},"end":{"line":56,"column":38}},{"start":{"line":56,"column":42},"end":{"line":56,"column":59}}],"line":56},"4":{"loc":{"start":{"line":57,"column":12},"end":{"line":57,"column":73}},"type":"cond-expr","locations":[{"start":{"line":57,"column":62},"end":{"line":57,"column":64}},{"start":{"line":57,"column":67},"end":{"line":57,"column":73}}],"line":57},"5":{"loc":{"start":{"line":57,"column":12},"end":{"line":57,"column":59}},"type":"binary-expr","locations":[{"start":{"line":57,"column":12},"end":{"line":57,"column":38}},{"start":{"line":57,"column":42},"end":{"line":57,"column":59}}],"line":57},"6":{"loc":{"start":{"line":58,"column":14},"end":{"line":58,"column":65}},"type":"cond-expr","locations":[{"start":{"line":58,"column":50},"end":{"line":58,"column":54}},{"start":{"line":58,"column":57},"end":{"line":58,"column":65}}],"line":58},"7":{"loc":{"start":{"line":58,"column":14},"end":{"line":58,"column":47}},"type":"binary-expr","locations":[{"start":{"line":58,"column":14},"end":{"line":58,"column":27}},{"start":{"line":58,"column":31},"end":{"line":58,"column":47}}],"line":58},"8":{"loc":{"start":{"line":59,"column":11},"end":{"line":59,"column":59}},"type":"cond-expr","locations":[{"start":{"line":59,"column":49},"end":{"line":59,"column":51}},{"start":{"line":59,"column":54},"end":{"line":59,"column":59}}],"line":59},"9":{"loc":{"start":{"line":59,"column":11},"end":{"line":59,"column":46}},"type":"binary-expr","locations":[{"start":{"line":59,"column":11},"end":{"line":59,"column":26}},{"start":{"line":59,"column":30},"end":{"line":59,"column":46}}],"line":59},"10":{"loc":{"start":{"line":61,"column":6},"end":{"line":61,"column":67}},"type":"cond-expr","locations":[{"start":{"line":61,"column":44},"end":{"line":61,"column":45}},{"start":{"line":61,"column":48},"end":{"line":61,"column":67}}],"line":61},"11":{"loc":{"start":{"line":61,"column":6},"end":{"line":61,"column":41}},"type":"binary-expr","locations":[{"start":{"line":61,"column":6},"end":{"line":61,"column":21}},{"start":{"line":61,"column":25},"end":{"line":61,"column":41}}],"line":61},"12":{"loc":{"start":{"line":69,"column":2},"end":{"line":116,"column":3}},"type":"if","locations":[{"start":{"line":69,"column":2},"end":{"line":116,"column":3}},{"start":{"line":114,"column":7},"end":{"line":116,"column":3}}],"line":69},"13":{"loc":{"start":{"line":73,"column":4},"end":{"line":75,"column":5}},"type":"if","locations":[{"start":{"line":73,"column":4},"end":{"line":75,"column":5}},{"start":{},"end":{}}],"line":73},"14":{"loc":{"start":{"line":80,"column":4},"end":{"line":82,"column":5}},"type":"if","locations":[{"start":{"line":80,"column":4},"end":{"line":82,"column":5}},{"start":{},"end":{}}],"line":80},"15":{"loc":{"start":{"line":83,"column":4},"end":{"line":88,"column":5}},"type":"if","locations":[{"start":{"line":83,"column":4},"end":{"line":88,"column":5}},{"start":{},"end":{}}],"line":83},"16":{"loc":{"start":{"line":85,"column":6},"end":{"line":87,"column":7}},"type":"if","locations":[{"start":{"line":85,"column":6},"end":{"line":87,"column":7}},{"start":{},"end":{}}],"line":85},"17":{"loc":{"start":{"line":92,"column":4},"end":{"line":94,"column":5}},"type":"if","locations":[{"start":{"line":92,"column":4},"end":{"line":94,"column":5}},{"start":{},"end":{}}],"line":92},"18":{"loc":{"start":{"line":102,"column":4},"end":{"line":104,"column":5}},"type":"if","locations":[{"start":{"line":102,"column":4},"end":{"line":104,"column":5}},{"start":{},"end":{}}],"line":102},"19":{"loc":{"start":{"line":107,"column":4},"end":{"line":109,"column":5}},"type":"if","locations":[{"start":{"line":107,"column":4},"end":{"line":109,"column":5}},{"start":{},"end":{}}],"line":107},"20":{"loc":{"start":{"line":141,"column":4},"end":{"line":143,"column":5}},"type":"if","locations":[{"start":{"line":141,"column":4},"end":{"line":143,"column":5}},{"start":{},"end":{}}],"line":141},"21":{"loc":{"start":{"line":166,"column":4},"end":{"line":174,"column":5}},"type":"if","locations":[{"start":{"line":166,"column":4},"end":{"line":174,"column":5}},{"start":{},"end":{}}],"line":166},"22":{"loc":{"start":{"line":166,"column":8},"end":{"line":166,"column":67}},"type":"binary-expr","locations":[{"start":{"line":166,"column":8},"end":{"line":166,"column":43}},{"start":{"line":166,"column":47},"end":{"line":166,"column":67}}],"line":166},"23":{"loc":{"start":{"line":183,"column":4},"end":{"line":192,"column":5}},"type":"if","locations":[{"start":{"line":183,"column":4},"end":{"line":192,"column":5}},{"start":{},"end":{}}],"line":183},"24":{"loc":{"start":{"line":194,"column":4},"end":{"line":202,"column":5}},"type":"if","locations":[{"start":{"line":194,"column":4},"end":{"line":202,"column":5}},{"start":{},"end":{}}],"line":194},"25":{"loc":{"start":{"line":205,"column":4},"end":{"line":248,"column":5}},"type":"if","locations":[{"start":{"line":205,"column":4},"end":{"line":248,"column":5}},{"start":{},"end":{}}],"line":205},"26":{"loc":{"start":{"line":207,"column":6},"end":{"line":209,"column":7}},"type":"if","locations":[{"start":{"line":207,"column":6},"end":{"line":209,"column":7}},{"start":{},"end":{}}],"line":207},"27":{"loc":{"start":{"line":214,"column":6},"end":{"line":216,"column":7}},"type":"if","locations":[{"start":{"line":214,"column":6},"end":{"line":216,"column":7}},{"start":{},"end":{}}],"line":214},"28":{"loc":{"start":{"line":217,"column":6},"end":{"line":225,"column":7}},"type":"if","locations":[{"start":{"line":217,"column":6},"end":{"line":225,"column":7}},{"start":{},"end":{}}],"line":217},"29":{"loc":{"start":{"line":230,"column":6},"end":{"line":232,"column":7}},"type":"if","locations":[{"start":{"line":230,"column":6},"end":{"line":232,"column":7}},{"start":{},"end":{}}],"line":230},"30":{"loc":{"start":{"line":233,"column":6},"end":{"line":238,"column":7}},"type":"if","locations":[{"start":{"line":233,"column":6},"end":{"line":238,"column":7}},{"start":{},"end":{}}],"line":233},"31":{"loc":{"start":{"line":235,"column":8},"end":{"line":237,"column":9}},"type":"if","locations":[{"start":{"line":235,"column":8},"end":{"line":237,"column":9}},{"start":{},"end":{}}],"line":235},"32":{"loc":{"start":{"line":242,"column":6},"end":{"line":244,"column":7}},"type":"if","locations":[{"start":{"line":242,"column":6},"end":{"line":244,"column":7}},{"start":{},"end":{}}],"line":242},"33":{"loc":{"start":{"line":270,"column":2},"end":{"line":282,"column":3}},"type":"if","locations":[{"start":{"line":270,"column":2},"end":{"line":282,"column":3}},{"start":{},"end":{}}],"line":270},"34":{"loc":{"start":{"line":278,"column":4},"end":{"line":280,"column":5}},"type":"if","locations":[{"start":{"line":278,"column":4},"end":{"line":280,"column":5}},{"start":{},"end":{}}],"line":278},"35":{"loc":{"start":{"line":283,"column":17},"end":{"line":283,"column":56}},"type":"binary-expr","locations":[{"start":{"line":283,"column":17},"end":{"line":283,"column":34}},{"start":{"line":283,"column":38},"end":{"line":283,"column":56}}],"line":283},"36":{"loc":{"start":{"line":284,"column":2},"end":{"line":289,"column":3}},"type":"if","locations":[{"start":{"line":284,"column":2},"end":{"line":289,"column":3}},{"start":{},"end":{}}],"line":284},"37":{"loc":{"start":{"line":284,"column":6},"end":{"line":284,"column":43}},"type":"binary-expr","locations":[{"start":{"line":284,"column":6},"end":{"line":284,"column":25}},{"start":{"line":284,"column":29},"end":{"line":284,"column":43}}],"line":284},"38":{"loc":{"start":{"line":291,"column":2},"end":{"line":296,"column":3}},"type":"if","locations":[{"start":{"line":291,"column":2},"end":{"line":296,"column":3}},{"start":{},"end":{}}],"line":291},"39":{"loc":{"start":{"line":307,"column":2},"end":{"line":309,"column":3}},"type":"if","locations":[{"start":{"line":307,"column":2},"end":{"line":309,"column":3}},{"start":{},"end":{}}],"line":307},"40":{"loc":{"start":{"line":322,"column":4},"end":{"line":324,"column":5}},"type":"if","locations":[{"start":{"line":322,"column":4},"end":{"line":324,"column":5}},{"start":{},"end":{}}],"line":322},"41":{"loc":{"start":{"line":342,"column":4},"end":{"line":344,"column":5}},"type":"if","locations":[{"start":{"line":342,"column":4},"end":{"line":344,"column":5}},{"start":{},"end":{}}],"line":342},"42":{"loc":{"start":{"line":363,"column":4},"end":{"line":365,"column":5}},"type":"if","locations":[{"start":{"line":363,"column":4},"end":{"line":365,"column":5}},{"start":{},"end":{}}],"line":363},"43":{"loc":{"start":{"line":386,"column":4},"end":{"line":388,"column":5}},"type":"if","locations":[{"start":{"line":386,"column":4},"end":{"line":388,"column":5}},{"start":{},"end":{}}],"line":386},"44":{"loc":{"start":{"line":399,"column":4},"end":{"line":409,"column":5}},"type":"if","locations":[{"start":{"line":399,"column":4},"end":{"line":409,"column":5}},{"start":{},"end":{}}],"line":399},"45":{"loc":{"start":{"line":433,"column":4},"end":{"line":435,"column":5}},"type":"if","locations":[{"start":{"line":433,"column":4},"end":{"line":435,"column":5}},{"start":{},"end":{}}],"line":433},"46":{"loc":{"start":{"line":443,"column":4},"end":{"line":450,"column":5}},"type":"if","locations":[{"start":{"line":443,"column":4},"end":{"line":450,"column":5}},{"start":{},"end":{}}],"line":443},"47":{"loc":{"start":{"line":479,"column":4},"end":{"line":481,"column":5}},"type":"if","locations":[{"start":{"line":479,"column":4},"end":{"line":481,"column":5}},{"start":{},"end":{}}],"line":479},"48":{"loc":{"start":{"line":489,"column":4},"end":{"line":496,"column":5}},"type":"if","locations":[{"start":{"line":489,"column":4},"end":{"line":496,"column":5}},{"start":{},"end":{}}],"line":489},"49":{"loc":{"start":{"line":524,"column":4},"end":{"line":526,"column":5}},"type":"if","locations":[{"start":{"line":524,"column":4},"end":{"line":526,"column":5}},{"start":{},"end":{}}],"line":524},"50":{"loc":{"start":{"line":533,"column":4},"end":{"line":540,"column":5}},"type":"if","locations":[{"start":{"line":533,"column":4},"end":{"line":540,"column":5}},{"start":{},"end":{}}],"line":533},"51":{"loc":{"start":{"line":543,"column":4},"end":{"line":573,"column":5}},"type":"if","locations":[{"start":{"line":543,"column":4},"end":{"line":573,"column":5}},{"start":{"line":558,"column":11},"end":{"line":573,"column":5}}],"line":543},"52":{"loc":{"start":{"line":544,"column":6},"end":{"line":555,"column":7}},"type":"if","locations":[{"start":{"line":544,"column":6},"end":{"line":555,"column":7}},{"start":{"line":547,"column":13},"end":{"line":555,"column":7}}],"line":544},"53":{"loc":{"start":{"line":547,"column":13},"end":{"line":555,"column":7}},"type":"if","locations":[{"start":{"line":547,"column":13},"end":{"line":555,"column":7}},{"start":{"line":552,"column":13},"end":{"line":555,"column":7}}],"line":547},"54":{"loc":{"start":{"line":559,"column":6},"end":{"line":570,"column":7}},"type":"if","locations":[{"start":{"line":559,"column":6},"end":{"line":570,"column":7}},{"start":{"line":562,"column":13},"end":{"line":570,"column":7}}],"line":559},"55":{"loc":{"start":{"line":562,"column":13},"end":{"line":570,"column":7}},"type":"if","locations":[{"start":{"line":562,"column":13},"end":{"line":570,"column":7}},{"start":{"line":567,"column":13},"end":{"line":570,"column":7}}],"line":562},"56":{"loc":{"start":{"line":598,"column":4},"end":{"line":600,"column":5}},"type":"if","locations":[{"start":{"line":598,"column":4},"end":{"line":600,"column":5}},{"start":{},"end":{}}],"line":598},"57":{"loc":{"start":{"line":607,"column":4},"end":{"line":614,"column":5}},"type":"if","locations":[{"start":{"line":607,"column":4},"end":{"line":614,"column":5}},{"start":{},"end":{}}],"line":607},"58":{"loc":{"start":{"line":618,"column":4},"end":{"line":624,"column":5}},"type":"if","locations":[{"start":{"line":618,"column":4},"end":{"line":624,"column":5}},{"start":{"line":621,"column":11},"end":{"line":624,"column":5}}],"line":618},"59":{"loc":{"start":{"line":651,"column":4},"end":{"line":653,"column":5}},"type":"if","locations":[{"start":{"line":651,"column":4},"end":{"line":653,"column":5}},{"start":{},"end":{}}],"line":651},"60":{"loc":{"start":{"line":661,"column":4},"end":{"line":668,"column":5}},"type":"if","locations":[{"start":{"line":661,"column":4},"end":{"line":668,"column":5}},{"start":{},"end":{}}],"line":661},"61":{"loc":{"start":{"line":700,"column":4},"end":{"line":702,"column":5}},"type":"if","locations":[{"start":{"line":700,"column":4},"end":{"line":702,"column":5}},{"start":{},"end":{}}],"line":700},"62":{"loc":{"start":{"line":710,"column":4},"end":{"line":717,"column":5}},"type":"if","locations":[{"start":{"line":710,"column":4},"end":{"line":717,"column":5}},{"start":{},"end":{}}],"line":710},"63":{"loc":{"start":{"line":749,"column":4},"end":{"line":751,"column":5}},"type":"if","locations":[{"start":{"line":749,"column":4},"end":{"line":751,"column":5}},{"start":{},"end":{}}],"line":749},"64":{"loc":{"start":{"line":758,"column":4},"end":{"line":765,"column":5}},"type":"if","locations":[{"start":{"line":758,"column":4},"end":{"line":765,"column":5}},{"start":{},"end":{}}],"line":758},"65":{"loc":{"start":{"line":758,"column":8},"end":{"line":758,"column":41}},"type":"binary-expr","locations":[{"start":{"line":758,"column":8},"end":{"line":758,"column":13}},{"start":{"line":758,"column":17},"end":{"line":758,"column":41}}],"line":758},"66":{"loc":{"start":{"line":787,"column":2},"end":{"line":789,"column":3}},"type":"if","locations":[{"start":{"line":787,"column":2},"end":{"line":789,"column":3}},{"start":{},"end":{}}],"line":787},"67":{"loc":{"start":{"line":791,"column":2},"end":{"line":800,"column":3}},"type":"if","locations":[{"start":{"line":791,"column":2},"end":{"line":800,"column":3}},{"start":{},"end":{}}],"line":791},"68":{"loc":{"start":{"line":815,"column":4},"end":{"line":817,"column":5}},"type":"if","locations":[{"start":{"line":815,"column":4},"end":{"line":817,"column":5}},{"start":{},"end":{}}],"line":815},"69":{"loc":{"start":{"line":826,"column":4},"end":{"line":833,"column":5}},"type":"if","locations":[{"start":{"line":826,"column":4},"end":{"line":833,"column":5}},{"start":{},"end":{}}],"line":826}},"s":{"0":0,"1":0,"2":0,"3":0,"4":0,"5":0,"6":0,"7":0,"8":0,"9":0,"10":0,"11":0,"12":0,"13":0,"14":0,"15":0,"16":0,"17":0,"18":0,"19":0,"20":0,"21":0,"22":0,"23":0,"24":0,"25":0,"26":0,"27":0,"28":0,"29":0,"30":0,"31":0,"32":0,"33":0,"34":0,"35":0,"36":0,"37":0,"38":0,"39":0,"40":0,"41":0,"42":0,"43":0,"44":0,"45":0,"46":0,"47":0,"48":0,"49":0,"50":0,"51":0,"52":0,"53":0,"54":0,"55":0,"56":0,"57":0,"58":0,"59":0,"60":0,"61":0,"62":0,"63":0,"64":0,"65":0,"66":0,"67":0,"68":0,"69":0,"70":0,"71":0,"72":0,"73":0,"74":0,"75":0,"76":0,"77":0,"78":0,"79":0,"80":0,"81":0,"82":0,"83":0,"84":0,"85":0,"86":0,"87":0,"88":0,"89":0,"90":0,"91":0,"92":0,"93":0,"94":0,"95":0,"96":0,"97":0,"98":0,"99":0,"100":0,"101":0,"102":0,"103":0,"104":0,"105":0,"106":0,"107":0,"108":0,"109":0,"110":0,"111":0,"112":0,"113":0,"114":0,"115":0,"116":0,"117":0,"118":0,"119":0,"120":0,"121":0,"122":0,"123":0,"124":0,"125":0,"126":0,"127":0,"128":0,"129":0,"130":0,"131":0,"132":0,"133":0,"134":0,"135":0,"136":0,"137":0,"138":0,"139":0,"140":0,"141":0,"142":0,"143":0,"144":0,"145":0,"146":0,"147":0,"148":0,"149":0,"150":0,"151":0,"152":0,"153":0,"154":0,"155":0,"156":0,"157":0,"158":0,"159":0,"160":0,"161":0,"162":0,"163":0,"164":0,"165":0,"166":0,"167":0,"168":0,"169":0,"170":0,"171":0,"172":0,"173":0,"174":0,"175":0,"176":0,"177":0,"178":0,"179":0,"180":0,"181":0,"182":0,"183":0,"184":0,"185":0,"186":0,"187":0,"188":0,"189":0,"190":0,"191":0,"192":0,"193":0,"194":0,"195":0,"196":0,"197":0,"198":0,"199":0,"200":0,"201":0,"202":0,"203":0,"204":0,"205":0,"206":0,"207":0,"208":0,"209":0,"210":0,"211":0,"212":0,"213":0,"214":0,"215":0,"216":0,"217":0,"218":0,"219":0,"220":0,"221":0,"222":0,"223":0,"224":0,"225":0,"226":0,"227":0,"228":0,"229":0,"230":0,"231":0,"232":0,"233":0,"234":0,"235":0,"236":0,"237":0,"238":0,"239":0,"240":0,"241":0,"242":0,"243":0,"244":0,"245":0,"246":0,"247":0,"248":0,"249":0,"250":0,"251":0,"252":0,"253":0,"254":0,"255":0,"256":0,"257":0,"258":0,"259":0,"260":0,"261":0,"262":0,"263":0,"264":0,"265":0,"266":0,"267":0,"268":0,"269":0,"270":0,"271":0,"272":0},"f":{"0":0,"1":0,"2":0,"3":0,"4":0,"5":0,"6":0,"7":0,"8":0,"9":0,"10":0,"11":0,"12":0,"13":0,"14":0,"15":0,"16":0},"b":{"0":[0,0],"1":[0,0],"2":[0,0],"3":[0,0],"4":[0,0],"5":[0,0],"6":[0,0],"7":[0,0],"8":[0,0],"9":[0,0],"10":[0,0],"11":[0,0],"12":[0,0],"13":[0,0],"14":[0,0],"15":[0,0],"16":[0,0],"17":[0,0],"18":[0,0],"19":[0,0],"20":[0,0],"21":[0,0],"22":[0,0],"23":[0,0],"24":[0,0],"25":[0,0],"26":[0,0],"27":[0,0],"28":[0,0],"29":[0,0],"30":[0,0],"31":[0,0],"32":[0,0],"33":[0,0],"34":[0,0],"35":[0,0],"36":[0,0],"37":[0,0],"38":[0,0],"39":[0,0],"40":[0,0],"41":[0,0],"42":[0,0],"43":[0,0],"44":[0,0],"45":[0,0],"46":[0,0],"47":[0,0],"48":[0,0],"49":[0,0],"50":[0,0],"51":[0,0],"52":[0,0],"53":[0,0],"54":[0,0],"55":[0,0],"56":[0,0],"57":[0,0],"58":[0,0],"59":[0,0],"60":[0,0],"61":[0,0],"62":[0,0],"63":[0,0],"64":[0,0],"65":[0,0],"66":[0,0],"67":[0,0],"68":[0,0],"69":[0,0]},"_coverageSchema":"1a1c01bbd47fc00a2c39e90264f33305004495a9","hash":"b09f893434589780c6173351881b064209d18463"}
,"C:\\Users\\malak\\Downloads\\Software-Engineering\\Project\\SW-BE\\Reddit-BE\\src\\controller\\userActions.js": {"path":"C:\\Users\\malak\\Downloads\\Software-Engineering\\Project\\SW-BE\\Reddit-BE\\src\\controller\\userActions.js","statementMap":{"0":{"start":{"line":13,"column":2},"end":{"line":62,"column":3}},"1":{"start":{"line":14,"column":48},"end":{"line":14,"column":78}},"2":{"start":{"line":15,"column":4},"end":{"line":17,"column":5}},"3":{"start":{"line":16,"column":6},"end":{"line":16,"column":49}},"4":{"start":{"line":18,"column":4},"end":{"line":18,"column":47}},"5":{"start":{"line":19,"column":24},"end":{"line":21,"column":6}},"6":{"start":{"line":22,"column":4},"end":{"line":28,"column":5}},"7":{"start":{"line":23,"column":6},"end":{"line":27,"column":8}},"8":{"start":{"line":29,"column":28},"end":{"line":29,"column":74}},"9":{"start":{"line":31,"column":18},"end":{"line":33,"column":5}},"10":{"start":{"line":32,"column":23},"end":{"line":32,"column":79}},"11":{"start":{"line":34,"column":4},"end":{"line":34,"column":23}},"12":{"start":{"line":35,"column":20},"end":{"line":35,"column":22}},"13":{"start":{"line":36,"column":4},"end":{"line":46,"column":5}},"14":{"start":{"line":37,"column":6},"end":{"line":37,"column":39}},"15":{"start":{"line":38,"column":6},"end":{"line":38,"column":54}},"16":{"start":{"line":39,"column":6},"end":{"line":39,"column":30}},"17":{"start":{"line":41,"column":6},"end":{"line":41,"column":44}},"18":{"start":{"line":42,"column":6},"end":{"line":42,"column":50}},"19":{"start":{"line":43,"column":6},"end":{"line":43,"column":28}},"20":{"start":{"line":44,"column":6},"end":{"line":44,"column":55}},"21":{"start":{"line":45,"column":6},"end":{"line":45,"column":55}},"22":{"start":{"line":47,"column":4},"end":{"line":47,"column":69}},"23":{"start":{"line":48,"column":4},"end":{"line":48,"column":22}},"24":{"start":{"line":49,"column":4},"end":{"line":53,"column":6}},"25":{"start":{"line":55,"column":4},"end":{"line":55,"column":35}},"26":{"start":{"line":56,"column":4},"end":{"line":61,"column":6}},"27":{"start":{"line":66,"column":2},"end":{"line":105,"column":3}},"28":{"start":{"line":67,"column":48},"end":{"line":67,"column":78}},"29":{"start":{"line":68,"column":4},"end":{"line":70,"column":5}},"30":{"start":{"line":69,"column":6},"end":{"line":69,"column":49}},"31":{"start":{"line":71,"column":4},"end":{"line":71,"column":48}},"32":{"start":{"line":72,"column":25},"end":{"line":74,"column":6}},"33":{"start":{"line":75,"column":4},"end":{"line":81,"column":5}},"34":{"start":{"line":76,"column":6},"end":{"line":80,"column":8}},"35":{"start":{"line":82,"column":29},"end":{"line":82,"column":48}},"36":{"start":{"line":83,"column":18},"end":{"line":83,"column":60}},"37":{"start":{"line":84,"column":4},"end":{"line":89,"column":5}},"38":{"start":{"line":85,"column":6},"end":{"line":85,"column":44}},"39":{"start":{"line":87,"column":6},"end":{"line":87,"column":46}},"40":{"start":{"line":88,"column":6},"end":{"line":88,"column":51}},"41":{"start":{"line":90,"column":4},"end":{"line":90,"column":43}},"42":{"start":{"line":91,"column":4},"end":{"line":91,"column":22}},"43":{"start":{"line":92,"column":4},"end":{"line":96,"column":6}},"44":{"start":{"line":98,"column":4},"end":{"line":98,"column":35}},"45":{"start":{"line":99,"column":4},"end":{"line":104,"column":6}},"46":{"start":{"line":113,"column":2},"end":{"line":143,"column":3}},"47":{"start":{"line":114,"column":48},"end":{"line":114,"column":78}},"48":{"start":{"line":115,"column":4},"end":{"line":117,"column":5}},"49":{"start":{"line":116,"column":6},"end":{"line":116,"column":49}},"50":{"start":{"line":118,"column":4},"end":{"line":134,"column":5}},"51":{"start":{"line":119,"column":6},"end":{"line":119,"column":53}},"52":{"start":{"line":120,"column":6},"end":{"line":120,"column":24}},"53":{"start":{"line":121,"column":6},"end":{"line":125,"column":8}},"54":{"start":{"line":127,"column":6},"end":{"line":127,"column":29}},"55":{"start":{"line":128,"column":6},"end":{"line":128,"column":24}},"56":{"start":{"line":129,"column":6},"end":{"line":133,"column":8}},"57":{"start":{"line":136,"column":4},"end":{"line":136,"column":35}},"58":{"start":{"line":137,"column":4},"end":{"line":142,"column":6}},"59":{"start":{"line":147,"column":2},"end":{"line":190,"column":3}},"60":{"start":{"line":148,"column":48},"end":{"line":148,"column":78}},"61":{"start":{"line":149,"column":4},"end":{"line":151,"column":5}},"62":{"start":{"line":150,"column":6},"end":{"line":150,"column":49}},"63":{"start":{"line":152,"column":28},"end":{"line":154,"column":6}},"64":{"start":{"line":155,"column":4},"end":{"line":161,"column":5}},"65":{"start":{"line":156,"column":6},"end":{"line":160,"column":8}},"66":{"start":{"line":162,"column":26},"end":{"line":162,"column":76}},"67":{"start":{"line":164,"column":18},"end":{"line":164,"column":60}},"68":{"start":{"line":165,"column":20},"end":{"line":165,"column":22}},"69":{"start":{"line":166,"column":4},"end":{"line":174,"column":5}},"70":{"start":{"line":167,"column":6},"end":{"line":167,"column":37}},"71":{"start":{"line":168,"column":6},"end":{"line":168,"column":63}},"72":{"start":{"line":169,"column":6},"end":{"line":169,"column":28}},"73":{"start":{"line":171,"column":6},"end":{"line":171,"column":46}},"74":{"start":{"line":172,"column":6},"end":{"line":172,"column":59}},"75":{"start":{"line":173,"column":6},"end":{"line":173,"column":26}},"76":{"start":{"line":175,"column":4},"end":{"line":175,"column":71}},"77":{"start":{"line":176,"column":4},"end":{"line":176,"column":22}},"78":{"start":{"line":177,"column":4},"end":{"line":181,"column":6}},"79":{"start":{"line":183,"column":4},"end":{"line":183,"column":35}},"80":{"start":{"line":184,"column":4},"end":{"line":189,"column":6}},"81":{"start":{"line":193,"column":2},"end":{"line":247,"column":3}},"82":{"start":{"line":194,"column":48},"end":{"line":194,"column":78}},"83":{"start":{"line":195,"column":4},"end":{"line":197,"column":5}},"84":{"start":{"line":196,"column":6},"end":{"line":196,"column":52}},"85":{"start":{"line":198,"column":27},"end":{"line":198,"column":54}},"86":{"start":{"line":199,"column":4},"end":{"line":201,"column":5}},"87":{"start":{"line":200,"column":6},"end":{"line":200,"column":68}},"88":{"start":{"line":202,"column":27},"end":{"line":204,"column":6}},"89":{"start":{"line":205,"column":4},"end":{"line":207,"column":5}},"90":{"start":{"line":206,"column":6},"end":{"line":206,"column":65}},"91":{"start":{"line":208,"column":28},"end":{"line":208,"column":44}},"92":{"start":{"line":210,"column":4},"end":{"line":210,"column":36}},"93":{"start":{"line":211,"column":4},"end":{"line":211,"column":33}},"94":{"start":{"line":212,"column":18},"end":{"line":214,"column":5}},"95":{"start":{"line":213,"column":21},"end":{"line":213,"column":78}},"96":{"start":{"line":215,"column":4},"end":{"line":221,"column":5}},"97":{"start":{"line":216,"column":6},"end":{"line":217,"column":46}},"98":{"start":{"line":218,"column":6},"end":{"line":218,"column":39}},"99":{"start":{"line":219,"column":6},"end":{"line":219,"column":24}},"100":{"start":{"line":220,"column":6},"end":{"line":220,"column":78}},"101":{"start":{"line":223,"column":31},"end":{"line":223,"column":57}},"102":{"start":{"line":225,"column":19},"end":{"line":227,"column":5}},"103":{"start":{"line":226,"column":21},"end":{"line":226,"column":78}},"104":{"start":{"line":228,"column":4},"end":{"line":238,"column":5}},"105":{"start":{"line":229,"column":6},"end":{"line":230,"column":50}},"106":{"start":{"line":231,"column":6},"end":{"line":231,"column":49}},"107":{"start":{"line":232,"column":6},"end":{"line":232,"column":24}},"108":{"start":{"line":233,"column":6},"end":{"line":237,"column":8}},"109":{"start":{"line":240,"column":4},"end":{"line":244,"column":6}},"110":{"start":{"line":246,"column":4},"end":{"line":246,"column":58}},"111":{"start":{"line":251,"column":2},"end":{"line":320,"column":3}},"112":{"start":{"line":252,"column":48},"end":{"line":252,"column":78}},"113":{"start":{"line":253,"column":4},"end":{"line":255,"column":5}},"114":{"start":{"line":254,"column":6},"end":{"line":254,"column":49}},"115":{"start":{"line":257,"column":25},"end":{"line":259,"column":6}},"116":{"start":{"line":260,"column":4},"end":{"line":266,"column":5}},"117":{"start":{"line":261,"column":6},"end":{"line":265,"column":8}},"118":{"start":{"line":268,"column":30},"end":{"line":268,"column":48}},"119":{"start":{"line":269,"column":18},"end":{"line":269,"column":61}},"120":{"start":{"line":270,"column":20},"end":{"line":270,"column":22}},"121":{"start":{"line":272,"column":4},"end":{"line":302,"column":5}},"122":{"start":{"line":273,"column":6},"end":{"line":273,"column":56}},"123":{"start":{"line":277,"column":6},"end":{"line":277,"column":31}},"124":{"start":{"line":289,"column":6},"end":{"line":289,"column":55}},"125":{"start":{"line":292,"column":6},"end":{"line":292,"column":29}},"126":{"start":{"line":307,"column":4},"end":{"line":311,"column":6}},"127":{"start":{"line":313,"column":4},"end":{"line":313,"column":35}},"128":{"start":{"line":314,"column":4},"end":{"line":319,"column":6}},"129":{"start":{"line":324,"column":2},"end":{"line":403,"column":3}},"130":{"start":{"line":325,"column":48},"end":{"line":325,"column":78}},"131":{"start":{"line":326,"column":4},"end":{"line":328,"column":5}},"132":{"start":{"line":327,"column":6},"end":{"line":327,"column":49}},"133":{"start":{"line":330,"column":22},"end":{"line":332,"column":6}},"134":{"start":{"line":333,"column":4},"end":{"line":339,"column":5}},"135":{"start":{"line":334,"column":6},"end":{"line":338,"column":8}},"136":{"start":{"line":341,"column":4},"end":{"line":394,"column":5}},"137":{"start":{"line":342,"column":20},"end":{"line":342,"column":62}},"138":{"start":{"line":343,"column":6},"end":{"line":346,"column":7}},"139":{"start":{"line":344,"column":8},"end":{"line":344,"column":50}},"140":{"start":{"line":345,"column":8},"end":{"line":345,"column":31}},"141":{"start":{"line":348,"column":29},"end":{"line":350,"column":7}},"142":{"start":{"line":349,"column":15},"end":{"line":349,"column":59}},"143":{"start":{"line":351,"column":6},"end":{"line":354,"column":7}},"144":{"start":{"line":352,"column":8},"end":{"line":352,"column":51}},"145":{"start":{"line":353,"column":8},"end":{"line":353,"column":26}},"146":{"start":{"line":356,"column":6},"end":{"line":360,"column":8}},"147":{"start":{"line":363,"column":6},"end":{"line":393,"column":7}},"148":{"start":{"line":364,"column":8},"end":{"line":367,"column":9}},"149":{"start":{"line":365,"column":10},"end":{"line":365,"column":50}},"150":{"start":{"line":366,"column":10},"end":{"line":366,"column":33}},"151":{"start":{"line":369,"column":8},"end":{"line":380,"column":9}},"152":{"start":{"line":371,"column":19},"end":{"line":371,"column":63}},"153":{"start":{"line":374,"column":10},"end":{"line":378,"column":13}},"154":{"start":{"line":379,"column":10},"end":{"line":379,"column":28}},"155":{"start":{"line":382,"column":8},"end":{"line":386,"column":10}},"156":{"start":{"line":388,"column":8},"end":{"line":392,"column":10}},"157":{"start":{"line":396,"column":4},"end":{"line":396,"column":35}},"158":{"start":{"line":397,"column":4},"end":{"line":402,"column":6}},"159":{"start":{"line":407,"column":2},"end":{"line":430,"column":3}},"160":{"start":{"line":408,"column":48},"end":{"line":408,"column":78}},"161":{"start":{"line":409,"column":4},"end":{"line":411,"column":5}},"162":{"start":{"line":410,"column":6},"end":{"line":410,"column":49}},"163":{"start":{"line":413,"column":4},"end":{"line":413,"column":32}},"164":{"start":{"line":415,"column":4},"end":{"line":415,"column":22}},"165":{"start":{"line":417,"column":4},"end":{"line":421,"column":6}},"166":{"start":{"line":423,"column":4},"end":{"line":423,"column":35}},"167":{"start":{"line":424,"column":4},"end":{"line":429,"column":6}},"168":{"start":{"line":435,"column":2},"end":{"line":478,"column":3}},"169":{"start":{"line":436,"column":48},"end":{"line":436,"column":78}},"170":{"start":{"line":437,"column":4},"end":{"line":439,"column":5}},"171":{"start":{"line":438,"column":6},"end":{"line":438,"column":49}},"172":{"start":{"line":441,"column":21},"end":{"line":441,"column":34}},"173":{"start":{"line":442,"column":4},"end":{"line":448,"column":5}},"174":{"start":{"line":443,"column":6},"end":{"line":447,"column":8}},"175":{"start":{"line":450,"column":19},"end":{"line":450,"column":77}},"176":{"start":{"line":451,"column":4},"end":{"line":457,"column":5}},"177":{"start":{"line":452,"column":6},"end":{"line":456,"column":8}},"178":{"start":{"line":459,"column":4},"end":{"line":459,"column":32}},"179":{"start":{"line":460,"column":4},"end":{"line":460,"column":24}},"180":{"start":{"line":461,"column":4},"end":{"line":461,"column":33}},"181":{"start":{"line":463,"column":4},"end":{"line":463,"column":22}},"182":{"start":{"line":465,"column":4},"end":{"line":469,"column":6}},"183":{"start":{"line":471,"column":4},"end":{"line":471,"column":35}},"184":{"start":{"line":472,"column":4},"end":{"line":477,"column":6}},"185":{"start":{"line":482,"column":2},"end":{"line":515,"column":3}},"186":{"start":{"line":483,"column":52},"end":{"line":486,"column":5}},"187":{"start":{"line":487,"column":4},"end":{"line":489,"column":5}},"188":{"start":{"line":488,"column":6},"end":{"line":488,"column":32}},"189":{"start":{"line":491,"column":4},"end":{"line":509,"column":5}},"190":{"start":{"line":492,"column":6},"end":{"line":492,"column":45}},"191":{"start":{"line":493,"column":6},"end":{"line":493,"column":24}},"192":{"start":{"line":494,"column":6},"end":{"line":498,"column":8}},"193":{"start":{"line":500,"column":28},"end":{"line":500,"column":69}},"194":{"start":{"line":501,"column":6},"end":{"line":501,"column":33}},"195":{"start":{"line":502,"column":6},"end":{"line":502,"column":55}},"196":{"start":{"line":503,"column":6},"end":{"line":503,"column":24}},"197":{"start":{"line":504,"column":6},"end":{"line":508,"column":8}},"198":{"start":{"line":511,"column":4},"end":{"line":514,"column":6}},"199":{"start":{"line":519,"column":50},"end":{"line":519,"column":78}},"200":{"start":{"line":520,"column":2},"end":{"line":522,"column":3}},"201":{"start":{"line":521,"column":4},"end":{"line":521,"column":30}},"202":{"start":{"line":524,"column":2},"end":{"line":541,"column":3}},"203":{"start":{"line":525,"column":4},"end":{"line":525,"column":54}},"204":{"start":{"line":526,"column":4},"end":
[...]
,"C:\\Users\\malak\\Downloads\\Software-Engineering\\Project\\SW-BE\\Reddit-BE\\src\\utils\\emailSending.js": {"path":"C:\\Users\\malak\\Downloads\\Software-Engineering\\Project\\SW-BE\\Reddit-BE\\src\\utils\\emailSending.js","statementMap":{"0":{"start":{"line":26,"column":16},"end":{"line":30,"column":4}},"1":{"start":{"line":31,"column":2},"end":{"line":31,"column":21}},"2":{"start":{"line":32,"column":2},"end":{"line":32,"column":15}},"3":{"start":{"line":40,"column":22},"end":{"line":46,"column":4}},"4":{"start":{"line":48,"column":2},"end":{"line":48,"column":38}},"5":{"start":{"line":49,"column":2},"end":{"line":49,"column":28}},"6":{"start":{"line":65,"column":25},"end":{"line":65,"column":35}},"7":{"start":{"line":66,"column":2},"end":{"line":66,"column":55}},"8":{"start":{"line":67,"column":16},"end":{"line":67,"column":55}},"9":{"start":{"line":68,"column":15},"end":{"line":68,"column":88}},"10":{"start":{"line":70,"column":16},"end":{"line":70,"column":55}},"11":{"start":{"line":71,"column":2},"end":{"line":71,"column":27}},"12":{"start":{"line":72,"column":2},"end":{"line":72,"column":32}},"13":{"start":{"line":82,"column":25},"end":{"line":82,"column":35}},"14":{"start":{"line":83,"column":2},"end":{"line":83,"column":57}},"15":{"start":{"line":84,"column":16},"end":{"line":84,"column":55}},"16":{"start":{"line":85,"column":15},"end":{"line":85,"column":91}},"17":{"start":{"line":87,"column":16},"end":{"line":87,"column":58}},"18":{"start":{"line":88,"column":2},"end":{"line":88,"column":27}},"19":{"start":{"line":89,"column":2},"end":{"line":89,"column":32}},"20":{"start":{"line":99,"column":15},"end":{"line":99,"column":65}},"21":{"start":{"line":101,"column":16},"end":{"line":101,"column":68}},"22":{"start":{"line":102,"column":2},"end":{"line":102,"column":27}},"23":{"start":{"line":103,"column":2},"end":{"line":103,"column":32}},"24":{"start":{"line":112,"column":16},"end":{"line":112,"column":57}},"25":{"start":{"line":113,"column":2},"end":{"line":113,"column":27}},"26":{"start":{"line":114,"column":2},"end":{"line":114,"column":32}},"27":{"start":{"line":123,"column":16},"end":{"line":123,"column":62}},"28":{"start":{"line":124,"column":2},"end":{"line":124,"column":27}},"29":{"start":{"line":125,"column":2},"end":{"line":125,"column":32}}},"fnMap":{"0":{"name":"saveToken","decl":{"start":{"line":25,"column":15},"end":{"line":25,"column":24}},"loc":{"start":{"line":25,"column":49},"end":{"line":33,"column":1}},"line":25},"1":{"name":"sendEmail","decl":{"start":{"line":39,"column":22},"end":{"line":39,"column":31}},"loc":{"start":{"line":39,"column":41},"end":{"line":56,"column":1}},"line":39},"2":{"name":"redirectToVerifyEmail","decl":{"start":{"line":64,"column":22},"end":{"line":64,"column":43}},"loc":{"start":{"line":64,"column":63},"end":{"line":73,"column":1}},"line":64},"3":{"name":"redirectToResetPassword","decl":{"start":{"line":81,"column":22},"end":{"line":81,"column":45}},"loc":{"start":{"line":81,"column":65},"end":{"line":90,"column":1}},"line":81},"4":{"name":"redirectToForgetUsername","decl":{"start":{"line":98,"column":22},"end":{"line":98,"column":46}},"loc":{"start":{"line":98,"column":76},"end":{"line":104,"column":1}},"line":98},"5":{"name":"sendChangeEmail","decl":{"start":{"line":111,"column":22},"end":{"line":111,"column":37}},"loc":{"start":{"line":111,"column":59},"end":{"line":115,"column":1}},"line":111},"6":{"name":"sendChangePassword","decl":{"start":{"line":122,"column":22},"end":{"line":122,"column":40}},"loc":{"start":{"line":122,"column":62},"end":{"line":126,"column":1}},"line":122}},"branchMap":{},"s":{"0":0,"1":0,"2":0,"3":0,"4":0,"5":0,"6":0,"7":0,"8":0,"9":0,"10":0,"11":0,"12":0,"13":0,"14":0,"15":0,"16":0,"17":0,"18":0,"19":0,"20":0,"21":0,"22":0,"23":0,"24":0,"25":0,"26":0,"27":0,"28":0,"29":0},"f":{"0":0,"1":0,"2":0,"3":0,"4":0,"5":0,"6":0},"b":{},"_coverageSchema":"1a1c01bbd47fc00a2c39e90264f33305004495a9","hash":"4410bf60cfc57599281f12cbdcbbfa91b384ef62"}
,"C:\\Users\\malak\\Downloads\\Software-Engineering\\Project\\SW-BE\\Reddit-BE\\src\\utils\\generalUtils.js": {"path":"C:\\Users\\malak\\Downloads\\Software-Engineering\\Project\\SW-BE\\Reddit-BE\\src\\utils\\generalUtils.js","statementMap":{"0":{"start":{"line":15,"column":2},"end":{"line":28,"column":3}},"1":{"start":{"line":16,"column":4},"end":{"line":22,"column":6}},"2":{"start":{"line":24,"column":4},"end":{"line":27,"column":6}}},"fnMap":{"0":{"name":"generateResponse","decl":{"start":{"line":14,"column":16},"end":{"line":14,"column":32}},"loc":{"start":{"line":14,"column":59},"end":{"line":29,"column":1}},"line":14}},"branchMap":{"0":{"loc":{"start":{"line":15,"column":2},"end":{"line":28,"column":3}},"type":"if","locations":[{"start":{"line":15,"column":2},"end":{"line":28,"column":3}},{"start":{"line":23,"column":9},"end":{"line":28,"column":3}}],"line":15}},"s":{"0":57,"1":44,"2":13},"f":{"0":57},"b":{"0":[44,13]},"_coverageSchema":"1a1c01bbd47fc00a2c39e90264f33305004495a9","hash":"39cf568aec76f097f17d23c44737cb0132a76dde"}
,"C:\\Users\\malak\\Downloads\\Software-Engineering\\Project\\SW-BE\\Reddit-BE\\src\\utils\\toggler.js": {"path":"C:\\Users\\malak\\Downloads\\Software-Engineering\\Project\\SW-BE\\Reddit-BE\\src\\utils\\toggler.js","statementMap":{"0":{"start":{"line":2,"column":2},"end":{"line":2,"column":51}},"1":{"start":{"line":3,"column":2},"end":{"line":3,"column":20}}},"fnMap":{"0":{"name":"toggler","decl":{"start":{"line":1,"column":22},"end":{"line":1,"column":29}},"loc":{"start":{"line":1,"column":54},"end":{"line":4,"column":1}},"line":1}},"branchMap":{},"s":{"0":0,"1":0},"f":{"0":0},"b":{},"_coverageSchema":"1a1c01bbd47fc00a2c39e90264f33305004495a9","hash":"f428e28bb4e6e07275f95eed9aeb1ab324907db7"}
,"C:\\Users\\malak\\Downloads\\Software-Engineering\\Project\\SW-BE\\Reddit-BE\\src\\utils\\userInfo.js": {"path":"C:\\Users\\malak\\Downloads\\Software-Engineering\\Project\\SW-BE\\Reddit-BE\\src\\utils\\userInfo.js","statementMap":{"0":{"start":{"line":38,"column":2},"end":{"line":49,"column":4}},"1":{"start":{"line":96,"column":2},"end":{"line":112,"column":4}}},"fnMap":{"0":{"name":"getFriendsFormat","decl":{"start":{"line":37,"column":16},"end":{"line":37,"column":32}},"loc":{"start":{"line":37,"column":39},"end":{"line":50,"column":1}},"line":37},"1":{"name":"getAboutFormat","decl":{"start":{"line":95,"column":22},"end":{"line":95,"column":36}},"loc":{"start":{"line":95,"column":43},"end":{"line":113,"column":1}},"line":95}},"branchMap":{},"s":{"0":0,"1":0},"f":{"0":0,"1":0},"b":{},"_coverageSchema":"1a1c01bbd47fc00a2c39e90264f33305004495a9","hash":"0d4acbcd960364e281988efb282ed91a3a126d78"}
,"C:\\Users\\malak\\Downloads\\Software-Engineering\\Project\\SW-BE\\Reddit-BE\\src\\utils\\userSettings.js": {"path":"C:\\Users\\malak\\Downloads\\Software-Engineering\\Project\\SW-BE\\Reddit-BE\\src\\utils\\userSettings.js","statementMap":{"0":{"start":{"line":30,"column":2},"end":{"line":39,"column":4}},"1":{"start":{"line":75,"column":2},"end":{"line":88,"column":4}},"2":{"start":{"line":118,"column":2},"end":{"line":123,"column":4}},"3":{"start":{"line":163,"column":2},"end":{"line":183,"column":4}},"4":{"start":{"line":221,"column":2},"end":{"line":235,"column":4}},"5":{"start":{"line":256,"column":2},"end":{"line":263,"column":4}},"6":{"start":{"line":283,"column":2},"end":{"line":290,"column":4}},"7":{"start":{"line":299,"column":2},"end":{"line":301,"column":3}},"8":{"start":{"line":300,"column":4},"end":{"line":300,"column":41}},"9":{"start":{"line":302,"column":2},"end":{"line":304,"column":3}},"10":{"start":{"line":303,"column":4},"end":{"line":303,"column":43}},"11":{"start":{"line":305,"column":2},"end":{"line":305,"column":14}},"12":{"start":{"line":315,"column":2},"end":{"line":326,"column":3}},"13":{"start":{"line":316,"column":4},"end":{"line":318,"column":5}},"14":{"start":{"line":317,"column":6},"end":{"line":317,"column":55}},"15":{"start":{"line":319,"column":4},"end":{"line":321,"column":5}},"16":{"start":{"line":320,"column":6},"end":{"line":320,"column":41}},"17":{"start":{"line":322,"column":4},"end":{"line":325,"column":6}},"18":{"start":{"line":327,"column":2},"end":{"line":327,"column":14}},"19":{"start":{"line":337,"column":2},"end":{"line":373,"column":3}},"20":{"start":{"line":339,"column":4},"end":{"line":341,"column":5}},"21":{"start":{"line":340,"column":6},"end":{"line":340,"column":78}},"22":{"start":{"line":343,"column":4},"end":{"line":345,"column":5}},"23":{"start":{"line":344,"column":6},"end":{"line":344,"column":70}},"24":{"start":{"line":347,"column":4},"end":{"line":354,"column":5}},"25":{"start":{"line":348,"column":6},"end":{"line":353,"column":7}},"26":{"start":{"line":349,"column":8},"end":{"line":352,"column":10}},"27":{"start":{"line":356,"column":4},"end":{"line":363,"column":5}},"28":{"start":{"line":357,"column":6},"end":{"line":362,"column":7}},"29":{"start":{"line":358,"column":8},"end":{"line":361,"column":10}},"30":{"start":{"line":365,"column":4},"end":{"line":368,"column":5}},"31":{"start":{"line":366,"column":6},"end":{"line":367,"column":43}},"32":{"start":{"line":370,"column":4},"end":{"line":372,"column":5}},"33":{"start":{"line":371,"column":6},"end":{"line":371,"column":74}},"34":{"start":{"line":374,"column":2},"end":{"line":374,"column":14}},"35":{"start":{"line":384,"column":2},"end":{"line":389,"column":3}},"36":{"start":{"line":385,"column":4},"end":{"line":388,"column":6}},"37":{"start":{"line":390,"column":2},"end":{"line":390,"column":14}},"38":{"start":{"line":400,"column":2},"end":{"line":405,"column":3}},"39":{"start":{"line":401,"column":4},"end":{"line":404,"column":6}},"40":{"start":{"line":406,"column":2},"end":{"line":406,"column":14}},"41":{"start":{"line":416,"column":2},"end":{"line":421,"column":3}},"42":{"start":{"line":417,"column":4},"end":{"line":420,"column":6}},"43":{"start":{"line":422,"column":2},"end":{"line":422,"column":14}}},"fnMap":{"0":{"name":"getAccountSettingsFormat","decl":{"start":{"line":29,"column":16},"end":{"line":29,"column":40}},"loc":{"start":{"line":29,"column":47},"end":{"line":40,"column":1}},"line":29},"1":{"name":"getProfileSettingsFormat","decl":{"start":{"line":74,"column":16},"end":{"line":74,"column":40}},"loc":{"start":{"line":74,"column":47},"end":{"line":89,"column":1}},"line":74},"2":{"name":"getSafetySettingsFormat","decl":{"start":{"line":114,"column":16},"end":{"line":114,"column":39}},"loc":{"start":{"line":117,"column":2},"end":{"line":124,"column":1}},"line":117},"3":{"name":"getFeedSettingsFormat","decl":{"start":{"line":162,"column":16},"end":{"line":162,"column":37}},"loc":{"start":{"line":162,"column":44},"end":{"line":184,"column":1}},"line":162},"4":{"name":"getNotificationsSettingsFormat","decl":{"start":{"line":220,"column":16},"end":{"line":220,"column":46}},"loc":{"start":{"line":220,"column":53},"end":{"line":236,"column":1}},"line":220},"5":{"name":"getEmailSettingsFormat","decl":{"start":{"line":255,"column":16},"end":{"line":255,"column":38}},"loc":{"start":{"line":255,"column":45},"end":{"line":264,"column":1}},"line":255},"6":{"name":"getChatAndMsgsSettingsFormat","decl":{"start":{"line":282,"column":16},"end":{"line":282,"column":44}},"loc":{"start":{"line":282,"column":51},"end":{"line":291,"column":1}},"line":282},"7":{"name":"setAccountSettings","decl":{"start":{"line":298,"column":16},"end":{"line":298,"column":34}},"loc":{"start":{"line":298,"column":58},"end":{"line":306,"column":1}},"line":298},"8":{"name":"setProfileSettings","decl":{"start":{"line":314,"column":16},"end":{"line":314,"column":34}},"loc":{"start":{"line":314,"column":58},"end":{"line":328,"column":1}},"line":314},"9":{"name":"setFeedSettings","decl":{"start":{"line":336,"column":16},"end":{"line":336,"column":31}},"loc":{"start":{"line":336,"column":52},"end":{"line":375,"column":1}},"line":336},"10":{"name":"setNotificationSettings","decl":{"start":{"line":383,"column":16},"end":{"line":383,"column":39}},"loc":{"start":{"line":383,"column":61},"end":{"line":391,"column":1}},"line":383},"11":{"name":"setEmailSettings","decl":{"start":{"line":399,"column":16},"end":{"line":399,"column":32}},"loc":{"start":{"line":399,"column":54},"end":{"line":407,"column":1}},"line":399},"12":{"name":"setChatSettings","decl":{"start":{"line":415,"column":16},"end":{"line":415,"column":31}},"loc":{"start":{"line":415,"column":52},"end":{"line":423,"column":1}},"line":415}},"branchMap":{"0":{"loc":{"start":{"line":34,"column":15},"end":{"line":34,"column":33}},"type":"binary-expr","locations":[{"start":{"line":34,"column":15},"end":{"line":34,"column":27}},{"start":{"line":34,"column":31},"end":{"line":34,"column":33}}],"line":34},"1":{"loc":{"start":{"line":36,"column":13},"end":{"line":36,"column":29}},"type":"binary-expr","locations":[{"start":{"line":36,"column":13},"end":{"line":36,"column":23}},{"start":{"line":36,"column":27},"end":{"line":36,"column":29}}],"line":36},"2":{"loc":{"start":{"line":299,"column":2},"end":{"line":301,"column":3}},"type":"if","locations":[{"start":{"line":299,"column":2},"end":{"line":301,"column":3}},{"start":{},"end":{}}],"line":299},"3":{"loc":{"start":{"line":302,"column":2},"end":{"line":304,"column":3}},"type":"if","locations":[{"start":{"line":302,"column":2},"end":{"line":304,"column":3}},{"start":{},"end":{}}],"line":302},"4":{"loc":{"start":{"line":315,"column":2},"end":{"line":326,"column":3}},"type":"if","locations":[{"start":{"line":315,"column":2},"end":{"line":326,"column":3}},{"start":{},"end":{}}],"line":315},"5":{"loc":{"start":{"line":315,"column":6},"end":{"line":315,"column":60}},"type":"binary-expr","locations":[{"start":{"line":315,"column":6},"end":{"line":315,"column":21}},{"start":{"line":315,"column":25},"end":{"line":315,"column":60}}],"line":315},"6":{"loc":{"start":{"line":316,"column":4},"end":{"line":318,"column":5}},"type":"if","locations":[{"start":{"line":316,"column":4},"end":{"line":318,"column":5}},{"start":{},"end":{}}],"line":316},"7":{"loc":{"start":{"line":319,"column":4},"end":{"line":321,"column":5}},"type":"if","locations":[{"start":{"line":319,"column":4},"end":{"line":321,"column":5}},{"start":{},"end":{}}],"line":319},"8":{"loc":{"start":{"line":337,"column":2},"end":{"line":373,"column":3}},"type":"if","locations":[{"start":{"line":337,"column":2},"end":{"line":373,"column":3}},{"start":{},"end":{}}],"line":337},"9":{"loc":{"start":{"line":339,"column":4},"end":{"line":341,"column":5}},"type":"if","locations":[{"start":{"line":339,"column":4},"end":{"line":341,"column":5}},{"start":{},"end":{}}],"line":339},"10":{"loc":{"start":{"line":343,"column":4},"end":{"line":345,"column":5}},"type":"if","locations":[{"start":{"line":343,"column":4},"end":{"line":345,"column":5}},{"start":{},"end":{}}],"line":343},"11":{"loc":{"start":{"line":347,"column":4},"end":{"line":354,"column":5}},"type":"if","locations":[{"start":{"line":347,"column":4},"end":{"line":354,"column":5}},{"start":{},"end":{}}],"line":347},"12":{"loc":{"start":{"line":348,"column":6},"end":{"line":353,"column":7}},"type":"if","locations":[{"start":{"line":348,"column":6},"end":{"line":353,"column":7}},{"start":{},"end":{}}],"line":348},"13":{"loc":{"start":{"line":356,"column":4},"end":{"line":363,"column":5}},"type":"if","locations":[{"start":{"line":356,"column":4},"end":{"line":363,"column":5}},{"start":{},"end":{}}],"line":356},"14":{"loc":{"start":{"line":357,"column":6},"end":{"line":362,"column":7}},"type":"if","locations":[{"start":{"line":357,"column":6},"end":{"line":362,"column":7}},{"start":{},"end":{}}],"line":357},"15":{"loc":{"start":{"line":365,"column":4},"end":{"line":368,"column":5}},"type":"if","locations":[{"start":{"line":365,"column":4},"end":{"line":368,"column":5}},{"start":{},"end":{}}],"line":365},"16":{"loc":{"start":{"line":370,"column":4},"end":{"line":372,"column":5}},"type":"if","locations":[{"start":{"line":370,"column":4},"end":{"line":372,"column":5}},{"start":{},"end":{}}],"line":370},"17":{"loc":{"start":{"line":384,"column":2},"end":{"line":389,"column":3}},"type":"if","locations":[{"start":{"line":384,"column":2},"end":{"line":389,"column":3}},{"start":{},"end":{}}],"line":384},"18":{"loc":{"start":{"line":384,"column":6},"end":{"line":384,"column":56}},"type":"binary-expr","locations":[{"start":{"line":384,"column":6},"end":{"line":384,"column":19}},{"start":{"line":384,"column":23},"end":{"line":384,"column":56}}],"line":384},"19":{"loc":{"start":{"line":400,"column":2},"end":{"line":405,"column":3}},"type":"if","locations":[{"start":{"line":400,"column":2},"end":{"line":405,"column":3}},{"start":{},"end":{}}],"line":400},"20":{"loc":{"start":{"line":400,"column":6},"end":{"line":400,"column":56}},"type":"binary-expr","locations":[{"start":{"line":400,"column":6},"end":{"line":400,"column":19}},{"start":{"line":400,"column":23},"end":{"line":400,"column":56}}],"line":400},"21":{"loc":{"start":{"line":416,"column":2},"end":{"line":421,"column":3}},"type":"if","locations":[{"start":{"line":416,"column":2},"end":{"line":421,"column":3}},{"start":{},"end":{}}],"line":416},"22":{"loc":{"start":{"line":416,"column":6},"end":{"line":416,"column":54}},"type":"binary-expr","locations":[{"start":{"line":416,"column":6},"end":{"line":416,"column":18}},{"start":{"line":416,"column":22},"end":{"line":416,"column":54}}],"line":416}},"s":{"0":0,"1":0,"2":0,"3":0,"4":0,"5":0,"6":0,"7":0,"8":0,"9":0,"10":0,"11":0,"12":0,"13":0,"14":0,"15":0,"16":0,"17":0,"18":0,"19":0,"20":0,"21":0,"22":0,"23":0,"24":0,"25":0,"26":0,"27":0,"28":0,"29":0,"30":0,"31":0,"32":0,"33":0,"34":0,"35":0,"36":0,"37":0,"38":0,"39":0,"40":0,"41":0,"42":0,"43":0},"f":{"0":0,"1":0,"2":0,"3":0,"4":0,"5":0,"6":0,"7":0,"8":0,"9":0,"10":0,"11":0,"12":0},"b":{"0":[0,0],"1":[0,0],"2":[0,0],"3":[0,0],"4":[0,0],"5":[0,0],"6":[0,0],"7":[0,0],"8":[0,0],"9":[0,0],"10":[0,0],"11":[0,0],"12":[0,0],"13":[0,0],"14":[0,0],"15":[0,0],"16":[0,0],"17":[0,0],"18":[0,0],"19":[0,0],"20":[0,0],"21":[0,0],"22":[0,0]},"_coverageSchema":"1a1c01bbd47fc00a2c39e90264f33305004495a9","hash":"f82a2774fdcc3ee6d171a5a967c5ad404a52d6ff"}
}
