TN:
SF:src\controller\comments.js
FN:13,getComment
FN:50,getCommentWithReplies
FN:68,newComment
FN:127,replyToComment
FN:160,(anonymous_4)
FN:200,commentToggler
FN:245,editCommentDescription
FN:290,commentVote
FN:338,commentSave
FN:391,commentApprove
FN:440,commentRemove
FN:489,commentReport
FN:531,commentDelete
FNF:13
FNH:2
FNDA:4,getComment
FNDA:0,getCommentWithReplies
FNDA:5,newComment
FNDA:0,replyToComment
FNDA:0,(anonymous_4)
FNDA:0,commentToggler
FNDA:0,editCommentDescription
FNDA:0,commentVote
FNDA:0,commentSave
FNDA:0,commentApprove
FNDA:0,commentRemove
FNDA:0,commentReport
FNDA:0,commentDelete
DA:15,4
DA:22,1
DA:23,1
DA:24,0
DA:26,1
DA:28,4
DA:29,4
DA:30,1
DA:35,3
DA:36,3
DA:37,1
DA:42,2
DA:51,0
DA:55,0
DA:56,0
DA:57,0
DA:59,0
DA:60,0
DA:69,5
DA:70,5
DA:71,1
DA:73,4
DA:74,4
DA:75,1
DA:81,3
DA:82,1
DA:89,2
DA:90,1
DA:93,1
DA:94,0
DA:97,1
DA:98,1
DA:99,1
DA:102,1
DA:118,1
DA:120,1
DA:128,0
DA:132,0
DA:133,0
DA:134,0
DA:137,0
DA:138,0
DA:139,0
DA:146,0
DA:147,0
DA:152,0
DA:153,0
DA:156,0
DA:157,0
DA:159,0
DA:160,0
DA:162,0
DA:163,0
DA:172,0
DA:188,0
DA:190,0
DA:191,0
DA:193,0
DA:201,0
DA:203,0
DA:205,0
DA:206,0
DA:209,0
DA:215,0
DA:216,0
DA:225,0
DA:228,0
DA:235,0
DA:236,0
DA:246,0
DA:248,0
DA:251,0
DA:252,0
DA:255,0
DA:261,0
DA:262,0
DA:269,0
DA:270,0
DA:271,0
DA:273,0
DA:280,0
DA:281,0
DA:291,0
DA:293,0
DA:296,0
DA:297,0
DA:300,0
DA:305,0
DA:306,0
DA:313,0
DA:314,0
DA:315,0
DA:317,0
DA:318,0
DA:321,0
DA:328,0
DA:329,0
DA:339,0
DA:341,0
DA:344,0
DA:345,0
DA:348,0
DA:350,0
DA:353,0
DA:354,0
DA:363,0
DA:364,0
DA:366,0
DA:369,0
DA:372,0
DA:374,0
DA:381,0
DA:382,0
DA:392,0
DA:394,0
DA:397,0
DA:398,0
DA:401,0
DA:407,0
DA:408,0
DA:416,0
DA:417,0
DA:418,0
DA:419,0
DA:420,0
DA:421,0
DA:422,0
DA:423,0
DA:430,0
DA:431,0
DA:441,0
DA:443,0
DA:446,0
DA:447,0
DA:450,0
DA:456,0
DA:457,0
DA:465,0
DA:466,0
DA:467,0
DA:468,0
DA:469,0
DA:470,0
DA:471,0
DA:472,0
DA:479,0
DA:480,0
DA:490,0
DA:492,0
DA:495,0
DA:496,0
DA:499,0
DA:504,0
DA:505,0
DA:512,0
DA:513,0
DA:514,0
DA:521,0
DA:522,0
DA:532,0
DA:533,0
DA:535,0
DA:536,0
DA:539,0
DA:541,0
DA:546,0
DA:547,0
DA:555,0
DA:556,0
DA:557,0
DA:559,0
DA:565,0
DA:566,0
LF:173
LH:28
BRDA:15,0,0,1
BRDA:15,0,1,3
BRDA:23,1,0,0
BRDA:23,1,1,1
BRDA:28,2,0,4
BRDA:28,2,1,1
BRDA:29,3,0,1
BRDA:29,3,1,3
BRDA:29,4,0,4
BRDA:29,4,1,3
BRDA:36,5,0,1
BRDA:36,5,1,2
BRDA:56,6,0,0
BRDA:56,6,1,0
BRDA:70,7,0,1
BRDA:70,7,1,4
BRDA:74,8,0,1
BRDA:74,8,1,3
BRDA:74,9,0,4
BRDA:74,9,1,3
BRDA:81,10,0,1
BRDA:81,10,1,2
BRDA:89,11,0,1
BRDA:89,11,1,1
BRDA:93,12,0,0
BRDA:93,12,1,1
BRDA:98,13,0,1
BRDA:98,13,1,0
BRDA:133,14,0,0
BRDA:133,14,1,0
BRDA:138,15,0,0
BRDA:138,15,1,0
BRDA:138,16,0,0
BRDA:138,16,1,0
BRDA:146,17,0,0
BRDA:146,17,1,0
BRDA:152,18,0,0
BRDA:152,18,1,0
BRDA:156,19,0,0
BRDA:156,19,1,0
BRDA:162,20,0,0
BRDA:162,20,1,0
BRDA:205,21,0,0
BRDA:205,21,1,0
BRDA:215,22,0,0
BRDA:215,22,1,0
BRDA:251,23,0,0
BRDA:251,23,1,0
BRDA:261,24,0,0
BRDA:261,24,1,0
BRDA:296,25,0,0
BRDA:296,25,1,0
BRDA:305,26,0,0
BRDA:305,26,1,0
BRDA:313,27,0,0
BRDA:313,27,1,0
BRDA:344,28,0,0
BRDA:344,28,1,0
BRDA:353,29,0,0
BRDA:353,29,1,0
BRDA:364,30,0,0
BRDA:364,30,1,0
BRDA:397,31,0,0
BRDA:397,31,1,0
BRDA:407,32,0,0
BRDA:407,32,1,0
BRDA:446,33,0,0
BRDA:446,33,1,0
BRDA:456,34,0,0
BRDA:456,34,1,0
BRDA:495,35,0,0
BRDA:495,35,1,0
BRDA:504,36,0,0
BRDA:504,36,1,0
BRDA:504,37,0,0
BRDA:504,37,1,0
BRDA:535,38,0,0
BRDA:535,38,1,0
BRDA:546,39,0,0
BRDA:546,39,1,0
BRF:80
BRH:23
end_of_record
TN:
SF:src\controller\posts.js
FN:19,createPost
FN:135,sharePost
FN:268,getPost
FN:305,getPostComments
FN:319,getViewsCount
FN:339,marknsfw
FN:360,allowReplies
FN:383,setSuggestedSort
FN:427,postToggler
FN:473,editPostDescription
FN:518,postVote
FN:592,postSave
FN:645,postApprove
FN:694,postRemove
FN:743,postReport
FN:785,getUserPostDetails
FN:811,postDelete
FNF:17
FNH:0
FNDA:0,createPost
FNDA:0,sharePost
FNDA:0,getPost
FNDA:0,getPostComments
FNDA:0,getViewsCount
FNDA:0,marknsfw
FNDA:0,allowReplies
FNDA:0,setSuggestedSort
FNDA:0,postToggler
FNDA:0,editPostDescription
FNDA:0,postVote
FNDA:0,postSave
FNDA:0,postApprove
FNDA:0,postRemove
FNDA:0,postReport
FNDA:0,getUserPostDetails
FNDA:0,postDelete
DA:20,0
DA:21,0
DA:22,0
DA:24,0
DA:25,0
DA:26,0
DA:49,0
DA:51,0
DA:69,0
DA:71,0
DA:72,0
DA:73,0
DA:74,0
DA:77,0
DA:80,0
DA:81,0
DA:83,0
DA:84,0
DA:85,0
DA:86,0
DA:91,0
DA:92,0
DA:93,0
DA:97,0
DA:100,0
DA:101,0
DA:102,0
DA:103,0
DA:106,0
DA:107,0
DA:108,0
DA:110,0
DA:115,0
DA:122,0
DA:123,0
DA:124,0
DA:125,0
DA:126,0
DA:127,0
DA:128,0
DA:136,0
DA:137,0
DA:141,0
DA:142,0
DA:151,0
DA:152,0
DA:166,0
DA:167,0
DA:177,0
DA:183,0
DA:184,0
DA:194,0
DA:195,0
DA:205,0
DA:206,0
DA:207,0
DA:208,0
DA:211,0
DA:214,0
DA:215,0
DA:217,0
DA:218,0
DA:227,0
DA:230,0
DA:231,0
DA:233,0
DA:234,0
DA:235,0
DA:236,0
DA:241,0
DA:242,0
DA:243,0
DA:246,0
DA:247,0
DA:250,0
DA:251,0
DA:252,0
DA:253,0
DA:255,0
DA:261,0
DA:270,0
DA:277,0
DA:278,0
DA:279,0
DA:281,0
DA:283,0
DA:284,0
DA:285,0
DA:290,0
DA:291,0
DA:292,0
DA:297,0
DA:306,0
DA:307,0
DA:308,0
DA:311,0
DA:312,0
DA:320,0
DA:321,0
DA:322,0
DA:323,0
DA:325,0
DA:332,0
DA:340,0
DA:341,0
DA:342,0
DA:343,0
DA:345,0
DA:346,0
DA:347,0
DA:353,0
DA:361,0
DA:362,0
DA:363,0
DA:364,0
DA:366,0
DA:367,0
DA:368,0
DA:376,0
DA:384,0
DA:385,0
DA:386,0
DA:387,0
DA:389,0
DA:399,0
DA:400,0
DA:410,0
DA:411,0
DA:412,0
DA:420,0
DA:428,0
DA:430,0
DA:433,0
DA:434,0
DA:437,0
DA:443,0
DA:444,0
DA:453,0
DA:456,0
DA:463,0
DA:464,0
DA:474,0
DA:476,0
DA:479,0
DA:480,0
DA:483,0
DA:489,0
DA:490,0
DA:497,0
DA:498,0
DA:499,0
DA:501,0
DA:508,0
DA:509,0
DA:519,0
DA:521,0
DA:524,0
DA:525,0
DA:528,0
DA:533,0
DA:534,0
DA:541,0
DA:542,0
DA:543,0
DA:544,0
DA:545,0
DA:546,0
DA:547,0
DA:548,0
DA:549,0
DA:550,0
DA:551,0
DA:553,0
DA:554,0
DA:556,0
DA:557,0
DA:559,0
DA:560,0
DA:561,0
DA:562,0
DA:563,0
DA:564,0
DA:565,0
DA:566,0
DA:568,0
DA:569,0
DA:571,0
DA:572,0
DA:575,0
DA:582,0
DA:583,0
DA:593,0
DA:595,0
DA:598,0
DA:599,0
DA:602,0
DA:604,0
DA:607,0
DA:608,0
DA:617,0
DA:618,0
DA:620,0
DA:623,0
DA:626,0
DA:628,0
DA:635,0
DA:636,0
DA:646,0
DA:648,0
DA:651,0
DA:652,0
DA:655,0
DA:661,0
DA:662,0
DA:670,0
DA:671,0
DA:672,0
DA:673,0
DA:674,0
DA:675,0
DA:676,0
DA:677,0
DA:684,0
DA:685,0
DA:695,0
DA:697,0
DA:700,0
DA:701,0
DA:704,0
DA:710,0
DA:711,0
DA:719,0
DA:720,0
DA:721,0
DA:722,0
DA:723,0
DA:724,0
DA:725,0
DA:726,0
DA:733,0
DA:734,0
DA:744,0
DA:746,0
DA:749,0
DA:750,0
DA:753,0
DA:758,0
DA:759,0
DA:766,0
DA:767,0
DA:768,0
DA:775,0
DA:776,0
DA:786,0
DA:787,0
DA:788,0
DA:791,0
DA:792,0
DA:801,0
DA:812,0
DA:813,0
DA:815,0
DA:816,0
DA:819,0
DA:821,0
DA:826,0
DA:827,0
DA:835,0
DA:836,0
DA:837,0
DA:839,0
DA:846,0
DA:847,0
LF:273
LH:0
BRDA:21,0,0,0
BRDA:21,0,1,0
BRDA:25,1,0,0
BRDA:25,1,1,0
BRDA:56,2,0,0
BRDA:56,2,1,0
BRDA:56,3,0,0
BRDA:56,3,1,0
BRDA:57,4,0,0
BRDA:57,4,1,0
BRDA:57,5,0,0
BRDA:57,5,1,0
BRDA:58,6,0,0
BRDA:58,6,1,0
BRDA:58,7,0,0
BRDA:58,7,1,0
BRDA:59,8,0,0
BRDA:59,8,1,0
BRDA:59,9,0,0
BRDA:59,9,1,0
BRDA:61,10,0,0
BRDA:61,10,1,0
BRDA:61,11,0,0
BRDA:61,11,1,0
BRDA:69,12,0,0
BRDA:69,12,1,0
BRDA:73,13,0,0
BRDA:73,13,1,0
BRDA:80,14,0,0
BRDA:80,14,1,0
BRDA:83,15,0,0
BRDA:83,15,1,0
BRDA:85,16,0,0
BRDA:85,16,1,0
BRDA:92,17,0,0
BRDA:92,17,1,0
BRDA:102,18,0,0
BRDA:102,18,1,0
BRDA:107,19,0,0
BRDA:107,19,1,0
BRDA:141,20,0,0
BRDA:141,20,1,0
BRDA:166,21,0,0
BRDA:166,21,1,0
BRDA:166,22,0,0
BRDA:166,22,1,0
BRDA:183,23,0,0
BRDA:183,23,1,0
BRDA:194,24,0,0
BRDA:194,24,1,0
BRDA:205,25,0,0
BRDA:205,25,1,0
BRDA:207,26,0,0
BRDA:207,26,1,0
BRDA:214,27,0,0
BRDA:214,27,1,0
BRDA:217,28,0,0
BRDA:217,28,1,0
BRDA:230,29,0,0
BRDA:230,29,1,0
BRDA:233,30,0,0
BRDA:233,30,1,0
BRDA:235,31,0,0
BRDA:235,31,1,0
BRDA:242,32,0,0
BRDA:242,32,1,0
BRDA:270,33,0,0
BRDA:270,33,1,0
BRDA:278,34,0,0
BRDA:278,34,1,0
BRDA:283,35,0,0
BRDA:283,35,1,0
BRDA:284,36,0,0
BRDA:284,36,1,0
BRDA:284,37,0,0
BRDA:284,37,1,0
BRDA:291,38,0,0
BRDA:291,38,1,0
BRDA:307,39,0,0
BRDA:307,39,1,0
BRDA:322,40,0,0
BRDA:322,40,1,0
BRDA:342,41,0,0
BRDA:342,41,1,0
BRDA:363,42,0,0
BRDA:363,42,1,0
BRDA:386,43,0,0
BRDA:386,43,1,0
BRDA:399,44,0,0
BRDA:399,44,1,0
BRDA:433,45,0,0
BRDA:433,45,1,0
BRDA:443,46,0,0
BRDA:443,46,1,0
BRDA:479,47,0,0
BRDA:479,47,1,0
BRDA:489,48,0,0
BRDA:489,48,1,0
BRDA:524,49,0,0
BRDA:524,49,1,0
BRDA:533,50,0,0
BRDA:533,50,1,0
BRDA:543,51,0,0
BRDA:543,51,1,0
BRDA:544,52,0,0
BRDA:544,52,1,0
BRDA:547,53,0,0
BRDA:547,53,1,0
BRDA:559,54,0,0
BRDA:559,54,1,0
BRDA:562,55,0,0
BRDA:562,55,1,0
BRDA:598,56,0,0
BRDA:598,56,1,0
BRDA:607,57,0,0
BRDA:607,57,1,0
BRDA:618,58,0,0
BRDA:618,58,1,0
BRDA:651,59,0,0
BRDA:651,59,1,0
BRDA:661,60,0,0
BRDA:661,60,1,0
BRDA:700,61,0,0
BRDA:700,61,1,0
BRDA:710,62,0,0
BRDA:710,62,1,0
BRDA:749,63,0,0
BRDA:749,63,1,0
BRDA:758,64,0,0
BRDA:758,64,1,0
BRDA:758,65,0,0
BRDA:758,65,1,0
BRDA:787,66,0,0
BRDA:787,66,1,0
BRDA:791,67,0,0
BRDA:791,67,1,0
BRDA:815,68,0,0
BRDA:815,68,1,0
BRDA:826,69,0,0
BRDA:826,69,1,0
BRF:140
BRH:0
end_of_record
TN:
SF:src\controller\userActions.js
FN:12,blockUser
FN:32,(anonymous_1)
FN:65,reportUser
FN:108,addOrRemovePicture
FN:146,muteCommunity
FN:192,favoriteCommunity
FN:213,(anonymous_6)
FN:226,(anonymous_7)
FN:250,followUser
FN:323,joinCommunity
FN:349,(anonymous_10)
FN:371,(anonymous_11)
FN:406,clearHistory
FN:434,deleteAccount
FN:481,followPost
FN:518,hidePost
FNF:16
FNH:6
FNDA:4,blockUser
FNDA:1,(anonymous_1)
FNDA:3,reportUser
FNDA:3,addOrRemovePicture
FNDA:4,muteCommunity
FNDA:0,favoriteCommunity
FNDA:0,(anonymous_6)
FNDA:0,(anonymous_7)
FNDA:0,followUser
FNDA:0,joinCommunity
FNDA:0,(anonymous_10)
FNDA:0,(anonymous_11)
FNDA:1,clearHistory
FNDA:0,deleteAccount
FNDA:0,followPost
FNDA:0,hidePost
DA:13,4
DA:14,4
DA:15,4
DA:16,0
DA:18,4
DA:19,4
DA:22,3
DA:23,1
DA:29,2
DA:31,2
DA:32,1
DA:34,2
DA:35,2
DA:36,2
DA:37,1
DA:38,1
DA:39,1
DA:41,1
DA:42,1
DA:43,1
DA:44,1
DA:45,1
DA:47,2
DA:48,2
DA:49,2
DA:55,1
DA:56,1
DA:66,3
DA:67,3
DA:68,3
DA:69,0
DA:71,3
DA:72,3
DA:75,2
DA:76,1
DA:82,1
DA:83,1
DA:84,1
DA:85,0
DA:87,1
DA:88,1
DA:90,1
DA:91,1
DA:92,1
DA:98,1
DA:99,1
DA:113,3
DA:114,3
DA:115,3
DA:116,0
DA:118,3
DA:119,2
DA:120,2
DA:121,1
DA:127,1
DA:128,1
DA:129,1
DA:136,1
DA:137,1
DA:147,4
DA:148,4
DA:149,4
DA:150,0
DA:152,4
DA:155,4
DA:156,1
DA:162,3
DA:164,3
DA:165,3
DA:166,3
DA:167,1
DA:168,1
DA:169,1
DA:171,2
DA:172,2
DA:173,2
DA:175,3
DA:176,3
DA:177,2
DA:183,1
DA:184,1
DA:193,0
DA:194,0
DA:195,0
DA:196,0
DA:198,0
DA:199,0
DA:200,0
DA:202,0
DA:205,0
DA:206,0
DA:208,0
DA:210,0
DA:211,0
DA:212,0
DA:213,0
DA:215,0
DA:216,0
DA:218,0
DA:219,0
DA:220,0
DA:223,0
DA:225,0
DA:226,0
DA:228,0
DA:229,0
DA:231,0
DA:232,0
DA:233,0
DA:240,0
DA:246,0
DA:251,0
DA:252,0
DA:253,0
DA:254,0
DA:257,0
DA:260,0
DA:261,0
DA:268,0
DA:269,0
DA:270,0
DA:272,0
DA:273,0
DA:277,0
DA:289,0
DA:292,0
DA:307,0
DA:313,0
DA:314,0
DA:324,0
DA:325,0
DA:326,0
DA:327,0
DA:330,0
DA:333,0
DA:334,0
DA:341,0
DA:342,0
DA:343,0
DA:344,0
DA:345,0
DA:348,0
DA:349,0
DA:351,0
DA:352,0
DA:353,0
DA:356,0
DA:363,0
DA:364,0
DA:365,0
DA:366,0
DA:369,0
DA:371,0
DA:374,0
DA:379,0
DA:382,0
DA:388,0
DA:396,0
DA:397,0
DA:407,1
DA:408,1
DA:409,1
DA:410,0
DA:413,1
DA:415,1
DA:417,1
DA:423,0
DA:424,0
DA:435,0
DA:436,0
DA:437,0
DA:438,0
DA:441,0
DA:442,0
DA:443,0
DA:450,0
DA:451,0
DA:452,0
DA:459,0
DA:460,0
DA:461,0
DA:463,0
DA:465,0
DA:471,0
DA:472,0
DA:482,0
DA:483,0
DA:487,0
DA:488,0
DA:491,0
DA:492,0
DA:493,0
DA:494,0
DA:500,0
DA:501,0
DA:502,0
DA:503,0
DA:504,0
DA:511,0
DA:519,0
DA:520,0
DA:521,0
DA:524,0
DA:525,0
DA:526,0
DA:527,0
DA:533,0
DA:534,0
DA:535,0
DA:536,0
LF:210
LH:82
BRDA:15,0,0,0
BRDA:15,0,1,4
BRDA:22,1,0,1
BRDA:22,1,1,2
BRDA:36,2,0,1
BRDA:36,2,1,1
BRDA:68,3,0,0
BRDA:68,3,1,3
BRDA:75,4,0,1
BRDA:75,4,1,1
BRDA:84,5,0,0
BRDA:84,5,1,1
BRDA:111,6,0,2
BRDA:115,7,0,0
BRDA:115,7,1,3
BRDA:118,8,0,2
BRDA:118,8,1,1
BRDA:149,9,0,0
BRDA:149,9,1,4
BRDA:155,10,0,1
BRDA:155,10,1,3
BRDA:166,11,0,1
BRDA:166,11,1,2
BRDA:195,12,0,0
BRDA:195,12,1,0
BRDA:199,13,0,0
BRDA:199,13,1,0
BRDA:205,14,0,0
BRDA:205,14,1,0
BRDA:215,15,0,0
BRDA:215,15,1,0
BRDA:228,16,0,0
BRDA:228,16,1,0
BRDA:253,17,0,0
BRDA:253,17,1,0
BRDA:260,18,0,0
BRDA:260,18,1,0
BRDA:272,19,0,0
BRDA:272,19,1,0
BRDA:323,20,0,0
BRDA:326,21,0,0
BRDA:326,21,1,0
BRDA:333,22,0,0
BRDA:333,22,1,0
BRDA:341,23,0,0
BRDA:341,23,1,0
BRDA:343,24,0,0
BRDA:343,24,1,0
BRDA:351,25,0,0
BRDA:351,25,1,0
BRDA:363,26,0,0
BRDA:363,26,1,0
BRDA:364,27,0,0
BRDA:364,27,1,0
BRDA:369,28,0,0
BRDA:369,28,1,0
BRDA:409,29,0,0
BRDA:409,29,1,1
BRDA:437,30,0,0
BRDA:437,30,1,0
BRDA:442,31,0,0
BRDA:442,31,1,0
BRDA:451,32,0,0
BRDA:451,32,1,0
BRDA:487,33,0,0
BRDA:487,33,1,0
BRDA:491,34,0,0
BRDA:491,34,1,0
BRDA:520,35,0,0
BRDA:520,35,1,0
BRDA:524,36,0,0
BRDA:524,36,1,0
BRF:72
BRH:19
end_of_record
TN:
SF:src\controller\userAuth.js
FN:15,isUsernameAvailable
FN:27,isEmailAvailable
FN:37,verifyAuthToken
FN:52,signupUser
FN:79,loginUser
FN:103,logoutUser
FN:124,verifyEmail
FN:149,forgetPassword
FN:168,forgetUsername
FN:188,resetPassword
FN:235,changeEmail
FN:283,changePassword
FN:343,changeUsername
FNF:13
FNH:12
FNDA:6,isUsernameAvailable
FNDA:7,isEmailAvailable
FNDA:55,verifyAuthToken
FNDA:4,signupUser
FNDA:3,loginUser
FNDA:4,logoutUser
FNDA:0,verifyEmail
FNDA:5,forgetPassword
FNDA:4,forgetUsername
FNDA:7,resetPassword
FNDA:5,changeEmail
FNDA:6,changePassword
FNDA:4,changeUsername
DA:16,6
DA:17,6
DA:18,6
DA:19,2
DA:24,4
DA:28,7
DA:29,1
DA:31,6
DA:32,6
DA:33,3
DA:34,3
DA:38,55
DA:39,55
DA:40,9
DA:43,46
DA:44,46
DA:45,46
DA:46,46
DA:47,1
DA:49,45
DA:53,4
DA:54,4
DA:55,4
DA:56,1
DA:58,3
DA:59,3
DA:61,3
DA:62,1
DA:63,2
DA:65,1
DA:66,1
DA:68,1
DA:69,1
DA:70,1
DA:72,1
DA:73,1
DA:75,0
DA:80,3
DA:81,3
DA:82,3
DA:83,1
DA:85,2
DA:86,2
DA:87,2
DA:88,2
DA:89,1
DA:92,1
DA:93,1
DA:95,1
DA:104,4
DA:105,4
DA:106,1
DA:108,3
DA:109,3
DA:110,3
DA:111,2
DA:118,1
DA:119,1
DA:121,1
DA:125,0
DA:129,0
DA:131,0
DA:132,0
DA:134,0
DA:135,0
DA:136,0
DA:141,0
DA:142,0
DA:143,0
DA:145,0
DA:150,5
DA:151,5
DA:152,1
DA:154,4
DA:155,4
DA:156,1
DA:158,3
DA:159,1
DA:161,2
DA:162,1
DA:164,1
DA:165,1
DA:169,4
DA:170,4
DA:171,4
DA:172,1
DA:174,3
DA:175,3
DA:176,1
DA:178,2
DA:179,1
DA:181,1
DA:182,1
DA:184,0
DA:189,7
DA:190,7
DA:191,1
DA:193,6
DA:194,6
DA:195,1
DA:197,5
DA:198,1
DA:204,4
DA:205,1
DA:207,3
DA:208,3
DA:209,3
DA:211,3
DA:212,1
DA:215,2
DA:216,1
DA:219,1
DA:220,1
DA:221,1
DA:223,1
DA:225,1
DA:231,0
DA:236,5
DA:238,5
DA:239,1
DA:242,4
DA:243,4
DA:244,1
DA:246,3
DA:247,3
DA:248,1
DA:251,2
DA:252,2
DA:253,1
DA:256,1
DA:258,1
DA:260,1
DA:261,1
DA:262,1
DA:263,1
DA:265,1
DA:267,0
DA:271,1
DA:273,1
DA:279,0
DA:284,6
DA:286,6
DA:287,1
DA:290,5
DA:291,5
DA:292,1
DA:295,4
DA:296,1
DA:303,3
DA:304,0
DA:307,3
DA:308,3
DA:309,3
DA:310,1
DA:313,2
DA:314,2
DA:315,1
DA:322,1
DA:323,1
DA:324,1
DA:326,1
DA:328,1
DA:330,0
DA:333,1
DA:339,0
DA:344,4
DA:346,4
DA:347,1
DA:350,3
DA:351,3
DA:352,1
DA:355,2
DA:356,2
DA:357,1
DA:360,1
DA:362,1
DA:363,0
DA:365,1
DA:366,1
DA:368,1
DA:370,1
DA:376,0
LF:182
LH:161
BRDA:18,0,0,2
BRDA:18,0,1,4
BRDA:28,1,0,1
BRDA:28,1,1,6
BRDA:32,2,0,3
BRDA:32,2,1,3
BRDA:39,3,0,9
BRDA:39,3,1,46
BRDA:46,4,0,1
BRDA:46,4,1,45
BRDA:55,5,0,1
BRDA:55,5,1,3
BRDA:55,6,0,4
BRDA:55,6,1,4
BRDA:55,6,2,4
BRDA:55,6,3,3
BRDA:61,7,0,1
BRDA:61,7,1,2
BRDA:63,8,0,1
BRDA:63,8,1,1
BRDA:82,9,0,1
BRDA:82,9,1,2
BRDA:82,10,0,3
BRDA:82,10,1,3
BRDA:88,11,0,1
BRDA:88,11,1,1
BRDA:88,12,0,2
BRDA:88,12,1,2
BRDA:105,13,0,1
BRDA:105,13,1,3
BRDA:105,14,0,4
BRDA:105,14,1,4
BRDA:110,15,0,2
BRDA:110,15,1,1
BRDA:110,16,0,3
BRDA:110,16,1,2
BRDA:129,17,0,0
BRDA:129,17,1,0
BRDA:131,18,0,0
BRDA:131,18,1,0
BRDA:135,19,0,0
BRDA:135,19,1,0
BRDA:151,20,0,1
BRDA:151,20,1,4
BRDA:151,21,0,5
BRDA:151,21,1,4
BRDA:155,22,0,1
BRDA:155,22,1,3
BRDA:158,23,0,1
BRDA:158,23,1,2
BRDA:161,24,0,1
BRDA:161,24,1,1
BRDA:171,25,0,1
BRDA:171,25,1,3
BRDA:175,26,0,1
BRDA:175,26,1,2
BRDA:178,27,0,1
BRDA:178,27,1,1
BRDA:190,28,0,1
BRDA:190,28,1,6
BRDA:194,29,0,1
BRDA:194,29,1,5
BRDA:194,30,0,6
BRDA:194,30,1,5
BRDA:197,31,0,1
BRDA:197,31,1,4
BRDA:204,32,0,1
BRDA:204,32,1,3
BRDA:211,33,0,1
BRDA:211,33,1,2
BRDA:215,34,0,1
BRDA:215,34,1,1
BRDA:238,35,0,1
BRDA:238,35,1,4
BRDA:243,36,0,1
BRDA:243,36,1,3
BRDA:243,37,0,4
BRDA:243,37,1,3
BRDA:247,38,0,1
BRDA:247,38,1,2
BRDA:252,39,0,1
BRDA:252,39,1,1
BRDA:258,40,0,0
BRDA:258,40,1,1
BRDA:265,41,0,0
BRDA:265,41,1,1
BRDA:286,42,0,1
BRDA:286,42,1,5
BRDA:291,43,0,1
BRDA:291,43,1,4
BRDA:291,44,0,5
BRDA:291,44,1,4
BRDA:291,44,2,4
BRDA:295,45,0,1
BRDA:295,45,1,3
BRDA:303,46,0,0
BRDA:303,46,1,3
BRDA:309,47,0,1
BRDA:309,47,1,2
BRDA:314,48,0,1
BRDA:314,48,1,1
BRDA:328,49,0,0
BRDA:328,49,1,1
BRDA:346,50,0,1
BRDA:346,50,1,3
BRDA:351,51,0,1
BRDA:351,51,1,2
BRDA:356,52,0,1
BRDA:356,52,1,1
BRDA:362,53,0,0
BRDA:362,53,1,1
BRF:111
BRH:100
end_of_record
TN:
SF:src\controller\userInfo.js
FN:16,getFollowers
FN:22,(anonymous_1)
FN:26,(anonymous_2)
FN:26,(anonymous_3)
FN:38,getFollowing
FN:46,(anonymous_5)
FN:50,(anonymous_6)
FN:50,(anonymous_7)
FN:62,getFollowersCount
FN:76,getFollowingCount
FN:91,getUserPosts
FN:121,getPosts
FN:153,getUserComments
FN:184,getComments
FN:216,getOverview
FN:240,getAbout
FN:263,getCommunities
FN:298,getBlockedUsers
FN:324,getMutedCommunities
FNF:19
FNH:10
FNDA:2,getFollowers
FNDA:2,(anonymous_1)
FNDA:1,(anonymous_2)
FNDA:2,(anonymous_3)
FNDA:2,getFollowing
FNDA:2,(anonymous_5)
FNDA:1,(anonymous_6)
FNDA:2,(anonymous_7)
FNDA:2,getFollowersCount
FNDA:2,getFollowingCount
FNDA:0,getUserPosts
FNDA:0,getPosts
FNDA:0,getUserComments
FNDA:0,getComments
FNDA:0,getOverview
FNDA:0,getAbout
FNDA:0,getCommunities
FNDA:0,getBlockedUsers
FNDA:0,getMutedCommunities
DA:17,2
DA:18,2
DA:19,1
DA:21,1
DA:23,2
DA:24,2
DA:26,2
DA:31,1
DA:39,2
DA:41,2
DA:42,1
DA:44,1
DA:45,1
DA:47,2
DA:48,2
DA:50,2
DA:55,1
DA:63,2
DA:65,2
DA:66,1
DA:68,1
DA:69,1
DA:77,2
DA:79,2
DA:80,1
DA:82,1
DA:84,1
DA:92,0
DA:93,0
DA:94,0
DA:95,0
DA:96,0
DA:103,0
DA:104,0
DA:111,0
DA:112,0
DA:122,0
DA:123,0
DA:130,0
DA:131,0
DA:132,0
DA:134,0
DA:135,0
DA:136,0
DA:143,0
DA:144,0
DA:154,0
DA:155,0
DA:156,0
DA:157,0
DA:158,0
DA:166,0
DA:167,0
DA:174,0
DA:175,0
DA:185,0
DA:186,0
DA:193,0
DA:194,0
DA:195,0
DA:197,0
DA:198,0
DA:199,0
DA:206,0
DA:207,0
DA:217,0
DA:218,0
DA:219,0
DA:220,0
DA:222,0
DA:223,0
DA:224,0
DA:226,0
DA:227,0
DA:229,0
DA:235,0
DA:236,0
DA:241,0
DA:242,0
DA:243,0
DA:244,0
DA:246,0
DA:247,0
DA:248,0
DA:250,0
DA:252,0
DA:258,0
DA:259,0
DA:264,0
DA:265,0
DA:267,0
DA:268,0
DA:270,0
DA:271,0
DA:272,0
DA:279,0
DA:280,0
DA:288,0
DA:289,0
DA:299,0
DA:300,0
DA:303,0
DA:304,0
DA:306,0
DA:307,0
DA:314,0
DA:315,0
DA:325,0
DA:326,0
DA:329,0
DA:330,0
DA:332,0
DA:333,0
DA:340,0
DA:341,0
LF:115
LH:27
BRDA:18,0,0,1
BRDA:18,0,1,1
BRDA:24,1,0,2
BRDA:24,1,1,0
BRDA:41,2,0,1
BRDA:41,2,1,1
BRDA:48,3,0,2
BRDA:48,3,1,0
BRDA:65,4,0,1
BRDA:65,4,1,1
BRDA:79,5,0,1
BRDA:79,5,1,1
BRDA:95,6,0,0
BRDA:95,6,1,0
BRDA:131,7,0,0
BRDA:131,7,1,0
BRDA:157,8,0,0
BRDA:157,8,1,0
BRDA:194,9,0,0
BRDA:194,9,1,0
BRDA:219,10,0,0
BRDA:219,10,1,0
BRDA:223,11,0,0
BRDA:223,11,1,0
BRDA:243,12,0,0
BRDA:243,12,1,0
BRDA:247,13,0,0
BRDA:247,13,1,0
BRDA:267,14,0,0
BRDA:267,14,1,0
BRDA:270,15,0,0
BRDA:270,15,1,0
BRDA:303,16,0,0
BRDA:303,16,1,0
BRDA:329,17,0,0
BRDA:329,17,1,0
BRF:36
BRH:10
end_of_record
TN:
SF:src\controller\userSettings.js
FN:24,getSettings
FN:48,getSafetySettings
FN:65,setSettings
FNF:3
FNH:3
FNDA:8,getSettings
FNDA:2,getSafetySettings
FNDA:6,setSettings
DA:25,8
DA:26,8
DA:27,8
DA:28,2
DA:31,6
DA:32,5
DA:33,4
DA:34,3
DA:35,1
DA:36,2
DA:37,1
DA:38,6
DA:44,0
DA:49,2
DA:50,2
DA:51,2
DA:52,1
DA:55,1
DA:56,1
DA:58,1
DA:59,1
DA:61,0
DA:66,6
DA:67,6
DA:68,0
DA:71,6
DA:72,6
DA:74,6
DA:75,1
DA:76,5
DA:77,1
DA:78,4
DA:79,1
DA:80,3
DA:81,1
DA:85,2
DA:86,1
DA:87,1
DA:88,1
DA:91,6
DA:93,6
LF:41
LH:38
BRDA:27,0,0,2
BRDA:27,0,1,6
BRDA:31,1,0,1
BRDA:31,1,1,5
BRDA:32,2,0,1
BRDA:32,2,1,4
BRDA:33,3,0,1
BRDA:33,3,1,3
BRDA:34,4,0,1
BRDA:34,4,1,2
BRDA:36,5,0,1
BRDA:36,5,1,1
BRDA:37,6,0,1
BRDA:37,6,1,0
BRDA:51,7,0,1
BRDA:51,7,1,1
BRDA:67,8,0,0
BRDA:67,8,1,6
BRDA:74,9,0,1
BRDA:74,9,1,5
BRDA:76,10,0,1
BRDA:76,10,1,4
BRDA:78,11,0,1
BRDA:78,11,1,3
BRDA:80,12,0,1
BRDA:80,12,1,2
BRDA:85,13,0,1
BRDA:85,13,1,1
BRDA:87,14,0,1
BRDA:87,14,1,0
BRF:30
BRH:27
end_of_record
TN:
SF:src\db\models\Comment.js
FN:134,(anonymous_0)
FNF:1
FNH:0
FNDA:0,(anonymous_0)
DA:3,4
DA:134,4
DA:136,0
DA:139,0
DA:141,0
DA:144,4
LF:6
LH:3
BRDA:136,0,0,0
BRDA:136,0,1,0
BRF:2
BRH:0
end_of_record
TN:
SF:src\db\models\Community.js
FNF:0
FNH:0
DA:3,14
DA:207,14
LF:2
LH:2
BRF:0
BRH:0
end_of_record
TN:
SF:src\db\models\Post.js
FN:145,(anonymous_0)
FNF:1
FNH:0
FNDA:0,(anonymous_0)
DA:3,5
DA:145,5
DA:147,0
DA:150,0
DA:152,0
DA:154,5
LF:6
LH:3
BRDA:147,0,0,0
BRDA:147,0,1,0
BRF:2
BRH:0
end_of_record
TN:
SF:src\db\models\Rule.js
FNF:0
FNH:0
DA:3,7
DA:23,7
LF:2
LH:2
BRF:0
BRH:0
end_of_record
TN:
SF:src\db\models\Token.js
FN:16,(anonymous_0)
FNF:1
FNH:0
FNDA:0,(anonymous_0)
DA:3,8
DA:16,0
DA:20,8
LF:3
LH:2
BRF:0
BRH:0
end_of_record
TN:
SF:src\db\models\User.js
FN:44,(anonymous_0)
FN:69,(anonymous_1)
FN:451,(anonymous_2)
FN:461,(anonymous_3)
FN:469,(anonymous_4)
FN:474,(anonymous_5)
FNF:6
FNH:0
FNDA:0,(anonymous_0)
FNDA:0,(anonymous_1)
FNDA:0,(anonymous_2)
FNDA:0,(anonymous_3)
FNDA:0,(anonymous_4)
FNDA:0,(anonymous_5)
DA:6,10
DA:45,0
DA:46,0
DA:70,0
DA:451,10
DA:452,0
DA:453,0
DA:454,0
DA:461,0
DA:462,0
DA:465,0
DA:469,10
DA:470,0
DA:474,10
DA:475,0
DA:476,0
DA:479,0
DA:484,0
DA:487,10
LF:19
LH:5
BRDA:45,0,0,0
BRDA:45,0,1,0
BRDA:453,1,0,0
BRDA:453,1,1,0
BRF:4
BRH:0
end_of_record
TN:
SF:src\db\models\communityContentControls.js
FNF:0
FNH:0
DA:3,7
DA:69,7
LF:2
LH:2
BRF:0
BRH:0
end_of_record
TN:
SF:src\db\models\communityDiscussionItemMinimal.js
FNF:0
FNH:0
DA:3,1
DA:40,1
LF:2
LH:2
BRF:0
BRH:0
end_of_record
TN:
SF:src\db\models\communityGeneralSettings.js
FNF:0
FNH:0
DA:3,7
DA:49,7
LF:2
LH:2
BRF:0
BRH:0
end_of_record
TN:
SF:src\db\models\communityPostsAndComments.js
FNF:0
FNH:0
DA:3,7
DA:104,7
LF:2
LH:2
BRF:0
BRH:0
end_of_record
TN:
SF:src\db\models\temp-files\TempComment.js
FNF:0
FNH:0
DA:3,1
DA:43,1
LF:2
LH:2
BRF:0
BRH:0
end_of_record
TN:
SF:src\services\communityProfileAndBannerPictures.js
FN:31,(anonymous_0)
FN:71,(anonymous_1)
FN:113,(anonymous_2)
FN:151,(anonymous_3)
FNF:4
FNH:4
FNDA:2,(anonymous_0)
FNDA:2,(anonymous_1)
FNDA:2,(anonymous_2)
FNDA:2,(anonymous_3)
DA:31,1
DA:32,2
DA:33,2
DA:34,2
DA:35,2
DA:36,1
DA:40,1
DA:41,1
DA:43,1
DA:44,1
DA:46,0
DA:71,1
DA:72,2
DA:73,2
DA:74,2
DA:75,2
DA:76,1
DA:80,1
DA:81,1
DA:83,1
DA:84,1
DA:86,0
DA:113,1
DA:114,2
DA:115,2
DA:116,2
DA:117,2
DA:118,2
DA:119,1
DA:123,1
DA:124,1
DA:125,1
DA:127,0
DA:151,1
DA:152,2
DA:153,2
DA:154,2
DA:155,2
DA:156,1
DA:161,1
DA:162,1
DA:164,1
DA:165,1
DA:167,0
LF:44
LH:40
BRDA:35,0,0,1
BRDA:35,0,1,1
BRDA:75,1,0,1
BRDA:75,1,1,1
BRDA:116,2,0,0
BRDA:116,2,1,2
BRDA:118,3,0,1
BRDA:118,3,1,1
BRDA:155,4,0,1
BRDA:155,4,1,1
BRF:10
BRH:9
end_of_record
TN:
SF:src\services\communityQueueService.js
FN:11,(anonymous_0)
FN:59,(anonymous_1)
FN:71,(anonymous_2)
FN:119,(anonymous_3)
FN:131,(anonymous_4)
FN:180,(anonymous_5)
FN:193,(anonymous_6)
FN:255,(anonymous_7)
FN:317,(anonymous_8)
FNF:9
FNH:9
FNDA:9,(anonymous_0)
FNDA:18,(anonymous_1)
FNDA:9,(anonymous_2)
FNDA:15,(anonymous_3)
FNDA:9,(anonymous_4)
FNDA:17,(anonymous_5)
FNDA:8,(anonymous_6)
FNDA:8,(anonymous_7)
FNDA:7,(anonymous_8)
DA:11,1
DA:12,9
DA:14,9
DA:15,1
DA:19,8
DA:20,1
DA:24,7
DA:25,1
DA:29,6
DA:32,6
DA:40,6
DA:41,6
DA:44,6
DA:45,6
DA:48,6
DA:49,4
DA:53,4
DA:54,3
DA:58,3
DA:59,18
DA:62,3
DA:66,3
DA:71,1
DA:72,9
DA:74,9
DA:75,1
DA:79,8
DA:80,1
DA:84,7
DA:85,1
DA:89,6
DA:92,6
DA:100,6
DA:101,6
DA:104,6
DA:105,6
DA:108,6
DA:109,4
DA:113,4
DA:114,3
DA:118,3
DA:119,15
DA:122,3
DA:126,3
DA:131,1
DA:132,9
DA:134,9
DA:135,1
DA:139,8
DA:140,1
DA:144,7
DA:145,1
DA:149,6
DA:152,6
DA:161,6
DA:162,6
DA:165,6
DA:166,6
DA:169,6
DA:170,4
DA:174,4
DA:175,3
DA:179,3
DA:180,17
DA:183,3
DA:187,3
DA:193,1
DA:194,8
DA:196,8
DA:197,1
DA:201,7
DA:202,1
DA:206,6
DA:207,4
DA:208,4
DA:209,1
DA:212,5
DA:213,2
DA:214,2
DA:215,1
DA:220,4
DA:221,1
DA:222,1
DA:223,1
DA:228,3
DA:229,2
DA:238,2
DA:239,1
DA:248,2
DA:251,1
DA:255,1
DA:256,8
DA:258,8
DA:259,1
DA:263,7
DA:264,1
DA:268,6
DA:269,4
DA:270,4
DA:271,1
DA:274,5
DA:275,2
DA:276,2
DA:277,1
DA:282,4
DA:283,1
DA:284,1
DA:285,1
DA:290,3
DA:291,2
DA:300,2
DA:301,1
DA:310,2
DA:313,1
DA:317,1
DA:318,7
DA:320,7
DA:321,1
DA:325,6
DA:326,1
DA:330,5
DA:331,3
DA:332,3
DA:333,1
DA:336,4
DA:337,2
DA:338,2
DA:339,1
DA:344,3
DA:345,2
DA:353,2
DA:354,1
DA:362,2
DA:365,1
LF:134
LH:134
BRDA:14,0,0,1
BRDA:14,0,1,8
BRDA:14,1,0,9
BRDA:14,1,1,8
BRDA:14,1,2,8
BRDA:19,2,0,1
BRDA:19,2,1,7
BRDA:24,3,0,1
BRDA:24,3,1,6
BRDA:29,4,0,6
BRDA:29,4,1,0
BRDA:40,5,0,6
BRDA:40,5,1,0
BRDA:40,6,0,6
BRDA:40,6,1,6
BRDA:48,7,0,4
BRDA:48,7,1,2
BRDA:48,8,0,6
BRDA:48,8,1,4
BRDA:53,9,0,3
BRDA:53,9,1,1
BRDA:53,10,0,4
BRDA:53,10,1,2
BRDA:74,11,0,1
BRDA:74,11,1,8
BRDA:74,12,0,9
BRDA:74,12,1,8
BRDA:74,12,2,8
BRDA:79,13,0,1
BRDA:79,13,1,7
BRDA:84,14,0,1
BRDA:84,14,1,6
BRDA:89,15,0,6
BRDA:89,15,1,0
BRDA:100,16,0,6
BRDA:100,16,1,0
BRDA:100,17,0,6
BRDA:100,17,1,6
BRDA:108,18,0,4
BRDA:108,18,1,2
BRDA:108,19,0,6
BRDA:108,19,1,4
BRDA:113,20,0,3
BRDA:113,20,1,1
BRDA:113,21,0,4
BRDA:113,21,1,2
BRDA:134,22,0,1
BRDA:134,22,1,8
BRDA:134,23,0,9
BRDA:134,23,1,8
BRDA:134,23,2,8
BRDA:139,24,0,1
BRDA:139,24,1,7
BRDA:144,25,0,1
BRDA:144,25,1,6
BRDA:149,26,0,6
BRDA:149,26,1,0
BRDA:161,27,0,6
BRDA:161,27,1,0
BRDA:161,28,0,6
BRDA:161,28,1,6
BRDA:169,29,0,4
BRDA:169,29,1,2
BRDA:169,30,0,6
BRDA:169,30,1,4
BRDA:174,31,0,3
BRDA:174,31,1,1
BRDA:174,32,0,4
BRDA:174,32,1,2
BRDA:193,33,0,4
BRDA:196,34,0,1
BRDA:196,34,1,7
BRDA:196,35,0,8
BRDA:196,35,1,7
BRDA:201,36,0,1
BRDA:201,36,1,6
BRDA:206,37,0,4
BRDA:206,37,1,2
BRDA:208,38,0,1
BRDA:208,38,1,3
BRDA:212,39,0,2
BRDA:212,39,1,3
BRDA:214,40,0,1
BRDA:214,40,1,1
BRDA:220,41,0,1
BRDA:220,41,1,3
BRDA:222,42,0,1
BRDA:222,42,1,0
BRDA:228,43,0,2
BRDA:228,43,1,1
BRDA:238,44,0,1
BRDA:238,44,1,1
BRDA:255,45,0,4
BRDA:258,46,0,1
BRDA:258,46,1,7
BRDA:258,47,0,8
BRDA:258,47,1,7
BRDA:263,48,0,1
BRDA:263,48,1,6
BRDA:268,49,0,4
BRDA:268,49,1,2
BRDA:270,50,0,1
BRDA:270,50,1,3
BRDA:274,51,0,2
BRDA:274,51,1,3
BRDA:276,52,0,1
BRDA:276,52,1,1
BRDA:282,53,0,1
BRDA:282,53,1,3
BRDA:284,54,0,1
BRDA:284,54,1,0
BRDA:290,55,0,2
BRDA:290,55,1,1
BRDA:300,56,0,1
BRDA:300,56,1,1
BRDA:320,57,0,1
BRDA:320,57,1,6
BRDA:320,58,0,7
BRDA:320,58,1,6
BRDA:325,59,0,1
BRDA:325,59,1,5
BRDA:330,60,0,3
BRDA:330,60,1,2
BRDA:332,61,0,1
BRDA:332,61,1,2
BRDA:336,62,0,2
BRDA:336,62,1,2
BRDA:338,63,0,1
BRDA:338,63,1,1
BRDA:344,64,0,2
BRDA:344,64,1,1
BRDA:353,65,0,1
BRDA:353,65,1,1
BRF:133
BRH:125
end_of_record
TN:
SF:src\services\communityRulesAndRemovalReasons.js
FN:45,(anonymous_0)
FN:87,(anonymous_1)
FN:117,(anonymous_2)
FN:135,(anonymous_3)
FN:152,(anonymous_4)
FN:169,(anonymous_5)
FN:188,(anonymous_6)
FN:229,(anonymous_7)
FN:294,(anonymous_8)
FN:313,(anonymous_9)
FN:359,(anonymous_10)
FNF:11
FNH:5
FNDA:3,(anonymous_0)
FNDA:0,(anonymous_1)
FNDA:0,(anonymous_2)
FNDA:0,(anonymous_3)
FNDA:0,(anonymous_4)
FNDA:0,(anonymous_5)
FNDA:0,(anonymous_6)
FNDA:2,(anonymous_7)
FNDA:2,(anonymous_8)
FNDA:1,(anonymous_9)
FNDA:2,(anonymous_10)
DA:45,1
DA:52,3
DA:54,3
DA:55,3
DA:56,3
DA:58,3
DA:59,1
DA:63,2
DA:64,2
DA:65,2
DA:67,2
DA:74,2
DA:75,0
DA:77,2
DA:78,2
DA:79,2
DA:80,2
DA:81,2
DA:82,1
DA:84,1
DA:87,1
DA:92,0
DA:93,0
DA:94,0
DA:95,0
DA:97,0
DA:98,0
DA:102,0
DA:106,0
DA:107,0
DA:108,0
DA:111,0
DA:117,1
DA:123,0
DA:124,0
DA:125,0
DA:126,0
DA:128,0
DA:129,0
DA:133,0
DA:134,0
DA:135,0
DA:137,0
DA:138,0
DA:142,0
DA:144,0
DA:145,0
DA:146,0
DA:148,0
DA:152,1
DA:153,0
DA:154,0
DA:155,0
DA:157,0
DA:158,0
DA:162,0
DA:163,0
DA:164,0
DA:166,0
DA:169,1
DA:170,0
DA:171,0
DA:172,0
DA:173,0
DA:174,0
DA:175,0
DA:181,0
DA:182,0
DA:183,0
DA:184,0
DA:185,0
DA:187,0
DA:188,0
DA:191,0
DA:192,0
DA:194,0
DA:229,1
DA:230,2
DA:239,2
DA:240,2
DA:241,2
DA:242,2
DA:244,2
DA:245,0
DA:248,2
DA:249,2
DA:250,2
DA:251,0
DA:259,2
DA:260,2
DA:261,2
DA:262,2
DA:263,2
DA:264,2
DA:265,2
DA:267,0
DA:294,1
DA:295,2
DA:296,2
DA:297,2
DA:298,2
DA:299,0
DA:305,2
DA:306,2
DA:307,2
DA:308,1
DA:309,1
DA:312,1
DA:313,1
DA:316,1
DA:317,1
DA:318,1
DA:320,0
DA:359,1
DA:360,2
DA:361,2
DA:362,1
DA:364,1
DA:365,1
DA:366,1
DA:367,3
DA:368,3
DA:369,2
DA:372,1
DA:373,1
DA:374,1
LF:126
LH:68
BRDA:58,0,0,1
BRDA:58,0,1,2
BRDA:64,1,0,2
BRDA:64,1,1,0
BRDA:65,2,0,2
BRDA:65,2,1,0
BRDA:74,3,0,0
BRDA:74,3,1,2
BRDA:97,4,0,0
BRDA:97,4,1,0
BRDA:128,5,0,0
BRDA:128,5,1,0
BRDA:137,6,0,0
BRDA:137,6,1,0
BRDA:157,7,0,0
BRDA:157,7,1,0
BRDA:174,8,0,0
BRDA:174,8,1,0
BRDA:183,9,0,0
BRDA:183,9,1,0
BRDA:244,10,0,0
BRDA:244,10,1,2
BRDA:248,11,0,2
BRDA:248,11,1,0
BRDA:250,12,0,0
BRDA:250,12,1,2
BRDA:250,13,0,2
BRDA:250,13,1,1
BRDA:259,14,0,2
BRDA:259,14,1,0
BRDA:260,15,0,2
BRDA:260,15,1,1
BRDA:261,16,0,2
BRDA:261,16,1,1
BRDA:262,17,0,2
BRDA:262,17,1,1
BRDA:263,18,0,2
BRDA:263,18,1,1
BRDA:298,19,0,0
BRDA:298,19,1,2
BRDA:307,20,0,1
BRDA:307,20,1,1
BRDA:361,21,0,1
BRDA:361,21,1,1
BRDA:368,22,0,2
BRDA:368,22,1,1
BRF:46
BRH:26
end_of_record
TN:
SF:src\services\communityService.js
FN:24,(anonymous_0)
FN:69,(anonymous_1)
FN:98,(anonymous_2)
FN:130,(anonymous_3)
FN:167,(anonymous_4)
FN:180,(anonymous_5)
FN:194,(anonymous_6)
FN:233,(anonymous_7)
FN:283,(anonymous_8)
FN:310,(anonymous_9)
FN:326,(anonymous_10)
FNF:11
FNH:0
FNDA:0,(anonymous_0)
FNDA:0,(anonymous_1)
FNDA:0,(anonymous_2)
FNDA:0,(anonymous_3)
FNDA:0,(anonymous_4)
FNDA:0,(anonymous_5)
FNDA:0,(anonymous_6)
FNDA:0,(anonymous_7)
FNDA:0,(anonymous_8)
FNDA:0,(anonymous_9)
FNDA:0,(anonymous_10)
DA:24,1
DA:25,0
DA:27,0
DA:28,0
DA:29,0
DA:31,0
DA:32,0
DA:33,0
DA:35,0
DA:47,0
DA:48,0
DA:50,0
DA:51,0
DA:56,0
DA:57,0
DA:58,0
DA:60,0
DA:62,0
DA:64,0
DA:69,1
DA:70,0
DA:71,0
DA:72,0
DA:74,0
DA:82,0
DA:84,0
DA:85,0
DA:86,0
DA:87,0
DA:90,0
DA:92,0
DA:94,0
DA:98,1
DA:99,0
DA:100,0
DA:123,0
DA:126,0
DA:130,1
DA:131,0
DA:133,0
DA:135,0
DA:137,0
DA:160,0
DA:163,0
DA:167,1
DA:168,0
DA:169,0
DA:171,0
DA:173,0
DA:180,1
DA:181,0
DA:182,0
DA:184,0
DA:187,0
DA:188,0
DA:190,0
DA:194,1
DA:195,0
DA:196,0
DA:197,0
DA:199,0
DA:233,1
DA:234,0
DA:235,0
DA:236,0
DA:237,0
DA:238,0
DA:242,0
DA:250,0
DA:283,1
DA:289,0
DA:290,0
DA:291,0
DA:292,0
DA:293,0
DA:297,0
DA:298,0
DA:300,0
DA:302,0
DA:303,0
DA:305,0
DA:307,0
DA:310,1
DA:311,0
DA:312,0
DA:313,0
DA:314,0
DA:318,0
DA:319,0
DA:321,0
DA:326,1
DA:327,0
DA:328,0
DA:329,0
DA:330,0
DA:331,0
DA:332,0
DA:334,0
DA:335,0
DA:337,0
DA:338,0
DA:339,0
DA:341,0
DA:342,0
DA:345,0
LF:105
LH:11
BRDA:50,0,0,0
BRDA:50,0,1,0
BRDA:84,1,0,0
BRDA:84,1,1,0
BRDA:86,2,0,0
BRDA:86,2,1,0
BRDA:107,3,0,0
BRDA:107,3,1,0
BRDA:144,4,0,0
BRDA:144,4,1,0
BRDA:236,5,0,0
BRDA:236,5,1,0
BRDA:292,6,0,0
BRDA:292,6,1,0
BRDA:297,7,0,0
BRDA:297,7,1,0
BRDA:299,8,0,0
BRDA:299,8,1,0
BRDA:301,9,0,0
BRDA:301,9,1,0
BRDA:302,10,0,0
BRDA:302,10,1,0
BRDA:313,11,0,0
BRDA:313,11,1,0
BRDA:329,12,0,0
BRDA:329,12,1,0
BRDA:331,13,0,0
BRDA:331,13,1,0
BRDA:338,14,0,0
BRDA:338,14,1,0
BRF:30
BRH:0
end_of_record
TN:
SF:src\services\communitySettingsService.js
FN:23,(anonymous_0)
FN:54,(anonymous_1)
FN:78,(anonymous_2)
FN:106,(anonymous_3)
FN:143,(anonymous_4)
FN:174,(anonymous_5)
FNF:6
FNH:6
FNDA:6,(anonymous_0)
FNDA:6,(anonymous_1)
FNDA:6,(anonymous_2)
FNDA:7,(anonymous_3)
FNDA:7,(anonymous_4)
FNDA:7,(anonymous_5)
DA:23,6
DA:25,6
DA:26,1
DA:29,5
DA:30,5
DA:37,3
DA:38,1
DA:44,2
DA:45,1
DA:48,1
DA:50,2
DA:54,6
DA:55,6
DA:56,1
DA:59,5
DA:60,5
DA:64,3
DA:65,1
DA:68,2
DA:69,1
DA:72,1
DA:74,2
DA:78,6
DA:79,6
DA:80,1
DA:83,5
DA:84,5
DA:88,3
DA:89,1
DA:92,2
DA:93,1
DA:96,1
DA:98,2
DA:106,6
DA:111,7
DA:112,2
DA:115,5
DA:116,5
DA:120,4
DA:121,1
DA:124,3
DA:129,2
DA:130,1
DA:133,1
DA:135,1
DA:137,1
DA:139,2
DA:143,6
DA:147,7
DA:148,2
DA:151,5
DA:152,5
DA:154,4
DA:155,1
DA:158,3
DA:160,2
DA:161,1
DA:164,1
DA:166,1
DA:168,1
DA:170,2
DA:174,6
DA:178,7
DA:179,2
DA:182,5
DA:183,5
DA:185,4
DA:186,1
DA:189,3
DA:191,2
DA:192,1
DA:195,1
DA:196,1
DA:199,1
DA:200,1
DA:203,1
DA:205,1
DA:207,2
LF:78
LH:78
BRDA:25,0,0,1
BRDA:25,0,1,5
BRDA:37,1,0,1
BRDA:37,1,1,2
BRDA:44,2,0,1
BRDA:44,2,1,1
BRDA:55,3,0,1
BRDA:55,3,1,5
BRDA:64,4,0,1
BRDA:64,4,1,2
BRDA:68,5,0,1
BRDA:68,5,1,1
BRDA:79,6,0,1
BRDA:79,6,1,5
BRDA:88,7,0,1
BRDA:88,7,1,2
BRDA:92,8,0,1
BRDA:92,8,1,1
BRDA:111,9,0,2
BRDA:111,9,1,5
BRDA:111,10,0,7
BRDA:111,10,1,6
BRDA:120,11,0,1
BRDA:120,11,1,3
BRDA:129,12,0,1
BRDA:129,12,1,1
BRDA:147,13,0,2
BRDA:147,13,1,5
BRDA:147,14,0,7
BRDA:147,14,1,6
BRDA:154,15,0,1
BRDA:154,15,1,3
BRDA:160,16,0,1
BRDA:160,16,1,1
BRDA:178,17,0,2
BRDA:178,17,1,5
BRDA:178,18,0,7
BRDA:178,18,1,6
BRDA:185,19,0,1
BRDA:185,19,1,3
BRDA:191,20,0,1
BRDA:191,20,1,1
BRDA:195,21,0,1
BRDA:195,21,1,0
BRDA:199,22,0,1
BRDA:199,22,1,0
BRF:46
BRH:44
end_of_record
TN:
SF:src\services\communityUserManagement.js
FN:43,(anonymous_0)
FN:72,(anonymous_1)
FN:79,(anonymous_2)
FN:105,(anonymous_3)
FN:127,(anonymous_4)
FN:186,(anonymous_5)
FN:210,(anonymous_6)
FN:216,(anonymous_7)
FN:237,(anonymous_8)
FN:278,(anonymous_9)
FN:326,(anonymous_10)
FN:350,(anonymous_11)
FN:356,(anonymous_12)
FN:398,(anonymous_13)
FN:448,(anonymous_14)
FN:466,(anonymous_15)
FN:513,(anonymous_16)
FN:544,(anonymous_17)
FN:557,(anonymous_18)
FN:608,(anonymous_19)
FN:625,(anonymous_20)
FN:665,(anonymous_21)
FN:682,(anonymous_22)
FN:699,(anonymous_23)
FNF:24
FNH:7
FNDA:0,(anonymous_0)
FNDA:0,(anonymous_1)
FNDA:0,(anonymous_2)
FNDA:0,(anonymous_3)
FNDA:0,(anonymous_4)
FNDA:3,(anonymous_5)
FNDA:2,(anonymous_6)
FNDA:2,(anonymous_7)
FNDA:1,(anonymous_8)
FNDA:2,(anonymous_9)
FNDA:3,(anonymous_10)
FNDA:0,(anonymous_11)
FNDA:0,(anonymous_12)
FNDA:2,(anonymous_13)
FNDA:0,(anonymous_14)
FNDA:0,(anonymous_15)
FNDA:0,(anonymous_16)
FNDA:0,(anonymous_17)
FNDA:0,(anonymous_18)
FNDA:0,(anonymous_19)
FNDA:0,(anonymous_20)
FNDA:0,(anonymous_21)
FNDA:0,(anonymous_22)
FNDA:0,(anonymous_23)
DA:43,1
DA:44,0
DA:54,0
DA:55,0
DA:56,0
DA:58,0
DA:59,0
DA:61,0
DA:62,0
DA:63,0
DA:65,0
DA:66,0
DA:67,0
DA:69,0
DA:70,0
DA:72,0
DA:73,0
DA:75,0
DA:76,0
DA:79,0
DA:82,0
DA:83,0
DA:85,0
DA:86,0
DA:87,0
DA:89,0
DA:101,0
DA:104,0
DA:105,0
DA:106,0
DA:109,0
DA:111,0
DA:127,1
DA:128,0
DA:129,0
DA:131,0
DA:132,0
DA:134,0
DA:135,0
DA:136,0
DA:137,0
DA:138,0
DA:151,0
DA:153,0
DA:186,1
DA:187,3
DA:189,3
DA:190,3
DA:191,0
DA:194,3
DA:196,3
DA:198,2
DA:199,2
DA:200,0
DA:203,2
DA:204,2
DA:205,0
DA:207,2
DA:208,2
DA:210,2
DA:211,2
DA:212,0
DA:216,2
DA:218,2
DA:219,0
DA:222,2
DA:223,1
DA:224,0
DA:227,1
DA:235,1
DA:237,1
DA:241,2
DA:243,2
DA:245,1
DA:248,0
DA:278,1
DA:279,2
DA:280,2
DA:281,2
DA:282,1
DA:284,1
DA:285,1
DA:286,1
DA:287,1
DA:288,1
DA:297,1
DA:299,0
DA:326,1
DA:327,3
DA:328,3
DA:330,3
DA:331,3
DA:332,0
DA:336,3
DA:337,3
DA:338,1
DA:340,2
DA:342,2
DA:343,2
DA:344,2
DA:345,1
DA:347,1
DA:348,1
DA:350,1
DA:351,1
DA:352,0
DA:356,1
DA:357,1
DA:359,1
DA:360,0
DA:363,1
DA:364,1
DA:365,0
DA:372,1
DA:373,1
DA:374,1
DA:375,1
DA:377,0
DA:398,1
DA:399,2
DA:400,2
DA:401,2
DA:402,1
DA:406,1
DA:408,1
DA:409,1
DA:410,1
DA:411,1
DA:419,1
DA:421,0
DA:448,1
DA:450,0
DA:451,0
DA:454,0
DA:455,0
DA:456,0
DA:460,0
DA:461,0
DA:462,0
DA:466,0
DA:467,0
DA:468,0
DA:472,0
DA:483,0
DA:484,0
DA:486,0
DA:513,1
DA:514,0
DA:515,0
DA:516,0
DA:517,0
DA:518,0
DA:522,0
DA:524,0
DA:525,0
DA:526,0
DA:527,0
DA:529,0
DA:530,0
DA:531,0
DA:538,0
DA:539,0
DA:541,0
DA:544,1
DA:545,0
DA:546,0
DA:547,0
DA:548,0
DA:550,0
DA:551,0
DA:552,0
DA:557,0
DA:558,0
DA:559,0
DA:563,0
DA:565,0
DA:567,0
DA:568,0
DA:569,0
DA:578,0
DA:580,0
DA:608,1
DA:609,0
DA:610,0
DA:613,0
DA:614,0
DA:615,0
DA:619,0
DA:620,0
DA:621,0
DA:625,0
DA:626,0
DA:627,0
DA:631,0
DA:634,0
DA:636,0
DA:638,0
DA:665,1
DA:667,0
DA:668,0
DA:669,0
DA:671,0
DA:673,0
DA:674,0
DA:675,0
DA:676,0
DA:677,0
DA:678,0
DA:679,0
DA:680,0
DA:682,0
DA:683,0
DA:684,0
DA:686,0
DA:687,0
DA:688,0
DA:691,0
DA:699,1
DA:700,0
DA:701,0
DA:702,0
DA:704,0
LF:222
LH:80
BRDA:49,0,0,0
BRDA:50,1,0,0
BRDA:51,2,0,0
BRDA:52,3,0,0
BRDA:53,4,0,0
BRDA:58,5,0,0
BRDA:58,5,1,0
BRDA:62,6,0,0
BRDA:62,6,1,0
BRDA:66,7,0,0
BRDA:66,7,1,0
BRDA:75,8,0,0
BRDA:75,8,1,0
BRDA:82,9,0,0
BRDA:82,9,1,0
BRDA:82,10,0,0
BRDA:82,10,1,0
BRDA:85,11,0,0
BRDA:85,11,1,0
BRDA:86,12,0,0
BRDA:86,12,1,0
BRDA:104,13,0,0
BRDA:104,13,1,0
BRDA:131,14,0,0
BRDA:131,14,1,0
BRDA:137,15,0,0
BRDA:137,15,1,0
BRDA:190,16,0,0
BRDA:190,16,1,3
BRDA:196,17,0,2
BRDA:196,17,1,1
BRDA:196,18,0,3
BRDA:196,18,1,2
BRDA:199,19,0,0
BRDA:199,19,1,2
BRDA:204,20,0,0
BRDA:204,20,1,2
BRDA:211,21,0,0
BRDA:211,21,1,2
BRDA:218,22,0,0
BRDA:218,22,1,2
BRDA:218,23,0,2
BRDA:218,23,1,2
BRDA:222,24,0,1
BRDA:222,24,1,1
BRDA:223,25,0,0
BRDA:223,25,1,1
BRDA:235,26,0,1
BRDA:235,26,1,0
BRDA:281,27,0,1
BRDA:281,27,1,1
BRDA:331,28,0,0
BRDA:331,28,1,3
BRDA:337,29,0,1
BRDA:337,29,1,2
BRDA:344,30,0,1
BRDA:344,30,1,1
BRDA:351,31,0,0
BRDA:351,31,1,1
BRDA:359,32,0,0
BRDA:359,32,1,1
BRDA:359,33,0,1
BRDA:359,33,1,1
BRDA:364,34,0,0
BRDA:364,34,1,1
BRDA:401,35,0,1
BRDA:401,35,1,1
BRDA:455,36,0,0
BRDA:455,36,1,0
BRDA:461,37,0,0
BRDA:461,37,1,0
BRDA:467,38,0,0
BRDA:467,38,1,0
BRDA:517,39,0,0
BRDA:517,39,1,0
BRDA:547,40,0,0
BRDA:547,40,1,0
BRDA:551,41,0,0
BRDA:551,41,1,0
BRDA:558,42,0,0
BRDA:558,42,1,0
BRDA:568,43,0,0
BRDA:568,43,1,0
BRDA:614,44,0,0
BRDA:614,44,1,0
BRDA:620,45,0,0
BRDA:620,45,1,0
BRDA:626,46,0,0
BRDA:626,46,1,0
BRDA:669,47,0,0
BRDA:669,47,1,0
BRDA:679,48,0,0
BRDA:679,48,1,0
BRDA:683,49,0,0
BRDA:683,49,1,0
BRF:95
BRH:29
end_of_record
TN:
SF:src\services\posts.js
FN:8,getCommentRepliesHelper
FN:18,getPostCommentsHelper
FN:30,checkNewPostInput
FN:71,(anonymous_3)
FN:72,(anonymous_4)
FN:119,getCommunity
FN:136,checkBannedUser
FN:138,(anonymous_7)
FN:154,checkApprovedUser
FN:156,(anonymous_9)
FN:173,checkPostSettings
FN:216,checkContentSettings
FN:238,(anonymous_12)
FN:258,(anonymous_13)
FN:278,(anonymous_14)
FN:334,(anonymous_15)
FNF:16
FNH:0
FNDA:0,getCommentRepliesHelper
FNDA:0,getPostCommentsHelper
FNDA:0,checkNewPostInput
FNDA:0,(anonymous_3)
FNDA:0,(anonymous_4)
FNDA:0,getCommunity
FNDA:0,checkBannedUser
FNDA:0,(anonymous_7)
FNDA:0,checkApprovedUser
FNDA:0,(anonymous_9)
FNDA:0,checkPostSettings
FNDA:0,checkContentSettings
FNDA:0,(anonymous_12)
FNDA:0,(anonymous_13)
FNDA:0,(anonymous_14)
FNDA:0,(anonymous_15)
DA:9,0
DA:10,0
DA:11,0
DA:12,0
DA:13,0
DA:15,0
DA:19,0
DA:20,0
DA:21,0
DA:22,0
DA:23,0
DA:24,0
DA:25,0
DA:27,0
DA:41,0
DA:44,0
DA:45,0
DA:51,0
DA:54,0
DA:55,0
DA:62,0
DA:64,0
DA:65,0
DA:71,0
DA:72,0
DA:73,0
DA:74,0
DA:79,0
DA:81,0
DA:82,0
DA:87,0
DA:89,0
DA:96,0
DA:102,0
DA:104,0
DA:108,0
DA:109,0
DA:114,0
DA:120,0
DA:121,0
DA:122,0
DA:130,0
DA:137,0
DA:138,0
DA:140,0
DA:141,0
DA:149,0
DA:155,0
DA:156,0
DA:159,0
DA:160,0
DA:168,0
DA:174,0
DA:177,0
DA:178,0
DA:180,0
DA:181,0
DA:182,0
DA:183,0
DA:185,0
DA:186,0
DA:191,0
DA:198,0
DA:203,0
DA:211,0
DA:217,0
DA:220,0
DA:221,0
DA:229,0
DA:232,0
DA:236,0
DA:237,0
DA:238,0
DA:240,0
DA:241,0
DA:253,0
DA:257,0
DA:258,0
DA:259,0
DA:261,0
DA:262,0
DA:272,0
DA:277,0
DA:278,0
DA:279,0
DA:281,0
DA:282,0
DA:292,0
DA:294,0
DA:296,0
DA:299,0
DA:300,0
DA:301,0
DA:307,0
DA:319,0
DA:325,0
DA:327,0
DA:334,0
DA:335,0
DA:336,0
DA:345,0
LF:101
LH:0
BRDA:20,0,0,0
BRDA:20,0,1,0
BRDA:20,1,0,0
BRDA:20,1,1,0
BRDA:44,2,0,0
BRDA:44,2,1,0
BRDA:44,3,0,0
BRDA:44,3,1,0
BRDA:44,3,2,0
BRDA:54,4,0,0
BRDA:54,4,1,0
BRDA:62,5,0,0
BRDA:62,5,1,0
BRDA:62,5,2,0
BRDA:62,5,3,0
BRDA:64,6,0,0
BRDA:64,6,1,0
BRDA:64,7,0,0
BRDA:64,7,1,0
BRDA:71,8,0,0
BRDA:71,8,1,0
BRDA:72,9,0,0
BRDA:72,9,1,0
BRDA:73,10,0,0
BRDA:73,10,1,0
BRDA:73,11,0,0
BRDA:73,11,1,0
BRDA:81,12,0,0
BRDA:81,12,1,0
BRDA:89,13,0,0
BRDA:89,13,1,0
BRDA:90,14,0,0
BRDA:90,14,1,0
BRDA:90,14,2,0
BRDA:90,14,3,0
BRDA:90,14,4,0
BRDA:108,15,0,0
BRDA:108,15,1,0
BRDA:108,16,0,0
BRDA:108,16,1,0
BRDA:121,17,0,0
BRDA:121,17,1,0
BRDA:140,18,0,0
BRDA:140,18,1,0
BRDA:159,19,0,0
BRDA:159,19,1,0
BRDA:177,20,0,0
BRDA:177,20,1,0
BRDA:186,21,0,0
BRDA:186,21,1,0
BRDA:187,22,0,0
BRDA:187,22,1,0
BRDA:187,22,2,0
BRDA:187,22,3,0
BRDA:187,22,4,0
BRDA:187,22,5,0
BRDA:187,22,6,0
BRDA:198,23,0,0
BRDA:198,23,1,0
BRDA:199,24,0,0
BRDA:199,24,1,0
BRDA:199,24,2,0
BRDA:220,25,0,0
BRDA:220,25,1,0
BRDA:232,26,0,0
BRDA:232,26,1,0
BRDA:233,27,0,0
BRDA:233,27,1,0
BRDA:240,28,0,0
BRDA:240,28,1,0
BRDA:253,29,0,0
BRDA:253,29,1,0
BRDA:254,30,0,0
BRDA:254,30,1,0
BRDA:261,31,0,0
BRDA:261,31,1,0
BRDA:272,32,0,0
BRDA:272,32,1,0
BRDA:273,33,0,0
BRDA:273,33,1,0
BRDA:273,33,2,0
BRDA:281,34,0,0
BRDA:281,34,1,0
BRDA:292,35,0,0
BRDA:292,35,1,0
BRDA:292,36,0,0
BRDA:292,36,1,0
BRDA:301,37,0,0
BRDA:301,37,1,0
BRDA:302,38,0,0
BRDA:302,38,1,0
BRDA:302,38,2,0
BRDA:302,38,3,0
BRDA:311,39,0,0
BRDA:311,39,1,0
BRDA:319,40,0,0
BRDA:319,40,1,0
BRDA:320,41,0,0
BRDA:320,41,1,0
BRDA:320,41,2,0
BRDA:335,42,0,0
BRDA:335,42,1,0
BRF:102
BRH:0
end_of_record
TN:
SF:src\services\users.js
FN:6,followUserHelper
FN:41,getPostsHelper
FN:44,(anonymous_2)
FN:49,getUserPostsHelper
FN:56,getCommentsHelper
FN:61,(anonymous_5)
FN:65,getUserCommentsHelper
FN:71,getCommunitiesHelper
FN:73,(anonymous_8)
FN:89,(anonymous_9)
FN:94,getModeratedCommunitiesHelper
FN:96,(anonymous_11)
FN:111,(anonymous_12)
FN:116,getBlockedUserHelper
FN:118,(anonymous_14)
FN:131,(anonymous_15)
FN:135,getMutedCommunitiesHelper
FN:137,(anonymous_17)
FN:151,(anonymous_18)
FNF:19
FNH:1
FNDA:2,followUserHelper
FNDA:0,getPostsHelper
FNDA:0,(anonymous_2)
FNDA:0,getUserPostsHelper
FNDA:0,getCommentsHelper
FNDA:0,(anonymous_5)
FNDA:0,getUserCommentsHelper
FNDA:0,getCommunitiesHelper
FNDA:0,(anonymous_8)
FNDA:0,(anonymous_9)
FNDA:0,getModeratedCommunitiesHelper
FNDA:0,(anonymous_11)
FNDA:0,(anonymous_12)
FNDA:0,getBlockedUserHelper
FNDA:0,(anonymous_14)
FNDA:0,(anonymous_15)
FNDA:0,getMutedCommunitiesHelper
FNDA:0,(anonymous_17)
FNDA:0,(anonymous_18)
DA:7,2
DA:8,2
DA:9,0
DA:10,0
DA:11,0
DA:14,0
DA:15,0
DA:16,0
DA:19,0
DA:21,2
DA:22,2
DA:23,0
DA:24,0
DA:27,2
DA:28,2
DA:29,0
DA:30,0
DA:33,2
DA:36,0
DA:42,0
DA:44,0
DA:45,0
DA:50,0
DA:51,0
DA:52,0
DA:53,0
DA:57,0
DA:61,0
DA:62,0
DA:66,0
DA:68,0
DA:72,0
DA:74,0
DA:75,0
DA:76,0
DA:77,0
DA:88,0
DA:89,0
DA:91,0
DA:95,0
DA:97,0
DA:98,0
DA:99,0
DA:100,0
DA:110,0
DA:111,0
DA:113,0
DA:117,0
DA:119,0
DA:120,0
DA:121,0
DA:122,0
DA:131,0
DA:132,0
DA:136,0
DA:138,0
DA:139,0
DA:140,0
DA:141,0
DA:150,0
DA:151,0
DA:153,0
LF:62
LH:7
BRDA:6,0,0,0
BRDA:8,1,0,0
BRDA:8,1,1,2
BRDA:9,2,0,0
BRDA:9,2,1,0
BRDA:14,3,0,0
BRDA:14,3,1,0
BRDA:22,4,0,0
BRDA:22,4,1,2
BRDA:28,5,0,0
BRDA:28,5,1,2
BRDA:75,6,0,0
BRDA:75,6,1,0
BRDA:98,7,0,0
BRDA:98,7,1,0
BRDA:120,8,0,0
BRDA:120,8,1,0
BRDA:139,9,0,0
BRDA:139,9,1,0
BRF:19
BRH:3
end_of_record
TN:
SF:src\templates\email.js
FN:2,verifyEmailFormatEmail
FN:13,forgetPasswordFormatEmail
FN:24,forgetUsernameFormatEmail
FN:34,changeOldEmailFormat
FN:44,changePasswordFormatEmail
FN:54,newFollowerFormatEmail
FN:64,newChatRequestFormatEmail
FNF:7
FNH:0
FNDA:0,verifyEmailFormatEmail
FNDA:0,forgetPasswordFormatEmail
FNDA:0,forgetUsernameFormatEmail
FNDA:0,changeOldEmailFormat
FNDA:0,changePasswordFormatEmail
FNDA:0,newFollowerFormatEmail
FNDA:0,newChatRequestFormatEmail
DA:3,0
DA:14,0
DA:25,0
DA:35,0
DA:45,0
DA:55,0
DA:65,0
LF:7
LH:0
BRF:0
BRH:0
end_of_record
TN:
SF:src\utils\communities.js
FN:5,communityNameExists
FN:9,getRuleByTitle
FN:18,(anonymous_2)
FN:28,(anonymous_3)
FN:41,(anonymous_4)
FN:44,(anonymous_5)
FN:53,(anonymous_6)
FN:68,(anonymous_7)
FN:84,(anonymous_8)
FN:87,(anonymous_9)
FNF:10
FNH:0
FNDA:0,communityNameExists
FNDA:0,getRuleByTitle
FNDA:0,(anonymous_2)
FNDA:0,(anonymous_3)
FNDA:0,(anonymous_4)
FNDA:0,(anonymous_5)
FNDA:0,(anonymous_6)
FNDA:0,(anonymous_7)
FNDA:0,(anonymous_8)
FNDA:0,(anonymous_9)
DA:6,0
DA:12,0
DA:18,6
DA:19,0
DA:20,0
DA:21,0
DA:23,0
DA:28,6
DA:30,0
DA:31,0
DA:32,0
DA:33,0
DA:36,0
DA:41,6
DA:42,0
DA:43,0
DA:44,0
DA:45,0
DA:47,0
DA:53,6
DA:54,0
DA:55,0
DA:57,0
DA:58,0
DA:62,0
DA:64,0
DA:68,6
DA:69,0
DA:71,0
DA:73,0
DA:76,0
DA:77,0
DA:78,0
DA:80,0
DA:84,6
DA:86,0
DA:87,0
DA:89,0
LF:38
LH:6
BRDA:57,0,0,0
BRDA:57,0,1,0
BRDA:73,1,0,0
BRDA:73,1,1,0
BRDA:77,2,0,0
BRDA:77,2,1,0
BRF:6
BRH:0
end_of_record
TN:
SF:src\utils\emailSending.js
FN:25,saveToken
FN:39,sendEmail
FN:64,redirectToVerifyEmail
FN:81,redirectToResetPassword
FN:98,redirectToForgetUsername
FN:111,sendChangeEmail
FN:122,sendChangePassword
FNF:7
FNH:0
FNDA:0,saveToken
FNDA:0,sendEmail
FNDA:0,redirectToVerifyEmail
FNDA:0,redirectToResetPassword
FNDA:0,redirectToForgetUsername
FNDA:0,sendChangeEmail
FNDA:0,sendChangePassword
DA:26,0
DA:31,0
DA:32,0
DA:40,0
DA:48,0
DA:49,0
DA:65,0
DA:66,0
DA:67,0
DA:68,0
DA:70,0
DA:71,0
DA:72,0
DA:82,0
DA:83,0
DA:84,0
DA:85,0
DA:87,0
DA:88,0
DA:89,0
DA:99,0
DA:101,0
DA:102,0
DA:103,0
DA:112,0
DA:113,0
DA:114,0
DA:123,0
DA:124,0
DA:125,0
LF:30
LH:0
BRF:0
BRH:0
end_of_record
TN:
SF:src\utils\generalUtils.js
FN:14,generateResponse
FNF:1
FNH:1
FNDA:57,generateResponse
DA:15,57
DA:16,44
DA:24,13
LF:3
LH:3
BRDA:15,0,0,44
BRDA:15,0,1,13
BRF:2
BRH:2
end_of_record
TN:
SF:src\utils\toggler.js
FN:1,toggler
FNF:1
FNH:0
FNDA:0,toggler
DA:2,0
DA:3,0
LF:2
LH:0
BRF:0
BRH:0
end_of_record
TN:
SF:src\utils\userInfo.js
FN:37,getFriendsFormat
FN:95,getAboutFormat
FNF:2
FNH:0
FNDA:0,getFriendsFormat
FNDA:0,getAboutFormat
DA:38,0
DA:96,0
LF:2
LH:0
BRF:0
BRH:0
end_of_record
TN:
SF:src\utils\userSettings.js
FN:29,getAccountSettingsFormat
FN:74,getProfileSettingsFormat
FN:114,getSafetySettingsFormat
FN:162,getFeedSettingsFormat
FN:220,getNotificationsSettingsFormat
FN:255,getEmailSettingsFormat
FN:282,getChatAndMsgsSettingsFormat
FN:298,setAccountSettings
FN:314,setProfileSettings
FN:336,setFeedSettings
FN:383,setNotificationSettings
FN:399,setEmailSettings
FN:415,setChatSettings
FNF:13
FNH:0
FNDA:0,getAccountSettingsFormat
FNDA:0,getProfileSettingsFormat
FNDA:0,getSafetySettingsFormat
FNDA:0,getFeedSettingsFormat
FNDA:0,getNotificationsSettingsFormat
FNDA:0,getEmailSettingsFormat
FNDA:0,getChatAndMsgsSettingsFormat
FNDA:0,setAccountSettings
FNDA:0,setProfileSettings
FNDA:0,setFeedSettings
FNDA:0,setNotificationSettings
FNDA:0,setEmailSettings
FNDA:0,setChatSettings
DA:30,0
DA:75,0
DA:118,0
DA:163,0
DA:221,0
DA:256,0
DA:283,0
DA:299,0
DA:300,0
DA:302,0
DA:303,0
DA:305,0
DA:315,0
DA:316,0
DA:317,0
DA:319,0
DA:320,0
DA:322,0
DA:327,0
DA:337,0
DA:339,0
DA:340,0
DA:343,0
DA:344,0
DA:347,0
DA:348,0
DA:349,0
DA:356,0
DA:357,0
DA:358,0
DA:365,0
DA:366,0
DA:370,0
DA:371,0
DA:374,0
DA:384,0
DA:385,0
DA:390,0
DA:400,0
DA:401,0
DA:406,0
DA:416,0
DA:417,0
DA:422,0
LF:44
LH:0
BRDA:34,0,0,0
BRDA:34,0,1,0
BRDA:36,1,0,0
BRDA:36,1,1,0
BRDA:299,2,0,0
BRDA:299,2,1,0
BRDA:302,3,0,0
BRDA:302,3,1,0
BRDA:315,4,0,0
BRDA:315,4,1,0
BRDA:315,5,0,0
BRDA:315,5,1,0
BRDA:316,6,0,0
BRDA:316,6,1,0
BRDA:319,7,0,0
BRDA:319,7,1,0
BRDA:337,8,0,0
BRDA:337,8,1,0
BRDA:339,9,0,0
BRDA:339,9,1,0
BRDA:343,10,0,0
BRDA:343,10,1,0
BRDA:347,11,0,0
BRDA:347,11,1,0
BRDA:348,12,0,0
BRDA:348,12,1,0
BRDA:356,13,0,0
BRDA:356,13,1,0
BRDA:357,14,0,0
BRDA:357,14,1,0
BRDA:365,15,0,0
BRDA:365,15,1,0
BRDA:370,16,0,0
BRDA:370,16,1,0
BRDA:384,17,0,0
BRDA:384,17,1,0
BRDA:384,18,0,0
BRDA:384,18,1,0
BRDA:400,19,0,0
BRDA:400,19,1,0
BRDA:400,20,0,0
BRDA:400,20,1,0
BRDA:416,21,0,0
BRDA:416,21,1,0
BRDA:416,22,0,0
BRDA:416,22,1,0
BRF:46
BRH:0
end_of_record
